12299  0.0 397144
12299  0.0 1842668
12299  0.0 2508340
12299  0.0 2675412
12299  0.0 2962272
12548  0.0 1780684
12548  0.0 1780684
12548  0.0 1846008
12548  0.0 1849344
12548  0.0 2561372
12548  0.0 2570512
12548  0.0 2940480
12548  0.0 2941888
12548  0.0 2931288
12548  0.0 2931288
12548  0.0 2931288
12548  0.0 2931288
12548  0.0 2931288
12548  0.0 2931288
12548  0.0 2931288
12548  0.0 2931288
12548  0.0 2971232
12548  0.0 2971232
12548  0.2 27659888
12548  0.3 27659888
12548  0.4 28674704
12548  0.4 28674704
12548  0.4 28764416
12548  0.4 28764416
12548  0.4 28809208
12548  0.4 28809208
12548  0.4 28779252
12548  0.4 28779252
12548  0.4 28783092
12548  0.4 28783092
12548  0.4 29037816
12548  0.4 29037816
12548  0.5 29127020
12548  0.5 29127020
12548  0.5 29128300
12548  0.5 29128300
12548  0.5 29128556
12548  0.5 29128556
12548  0.5 29128556
12548  0.5 29128556
12548  0.5 29128556
12548  0.5 29128556
12548  0.5 29128556
12548  0.5 29128556
12548  0.5 29128556
12548  0.5 29128556
12548  0.5 29128556
12548  0.5 29128556
12548  0.5 29128556
12548  0.5 29128556
12548  0.5 29128556
12548  0.5 29128556
12548  0.5 29128556
12548  0.5 29128556
12548  0.5 29128812
12548  0.5 29128812
12548  0.6 29484764
12548  0.6 29484764
12548  0.7 29710948
12548  0.7 29710948
12548  0.7 29718244
12548  0.7 29718244
12548  0.7 29743676
12548  0.7 29779244
12548  0.8 29801084
12548  0.8 29801084
12548  0.8 29801084
12548  0.8 29801084
12548  0.8 29801084
12548  0.8 29801084
12548  0.8 29801084
12548  0.8 29801084
12548  0.8 29801084
12548  0.8 29801084
12548  0.8 29801084
12548  0.8 29801084
12548  0.8 29807380
12548  0.8 29807380
12548  0.8 29924692
12548  0.8 29958484
12548  0.8 29921620
12548  0.8 29921620
12548  0.8 29921620
12548  0.8 29921620
12548  0.8 29921620
12548  0.8 29921620
12548  0.8 29921620
12548  0.8 29921620
12548  0.8 29921620
12548  0.8 29921620
12548  0.8 29921620
12548  0.8 29921620
12548  0.8 29921876
12548  0.8 29921876
12548  0.8 29921876
12548  0.8 29921876
12548  0.8 29921876
12548  0.8 29921876
12548  0.8 29921876
12548  0.8 29921876
12548  0.8 29921876
12548  0.8 29921876
12548  0.8 29921876
12548  0.8 29921876
12548  0.8 29921876
12548  0.8 29921876
12548  0.8 29921876
12548  0.8 29921876
12548  0.8 29940308
12548  0.8 29940308
12548  0.8 29921876
12548  0.8 29921876
12548  0.8 29921876
12548  0.8 29921876
12548  0.8 29921876
12548  0.8 29921876
12548  0.8 29921876
12548  0.8 29921876
12548  0.8 29921876
12548  0.8 29921876
12548  0.8 29921876
12548  0.8 29921876
12548  0.8 29925668
12548  0.8 29928380
12548  0.8 29946692
12548  0.8 29946692
12548  0.8 29946692
12548  0.8 29946692
12548  0.8 29946692
12548  0.8 29946692
12548  0.8 29946692
12548  0.8 29946692
12548  0.8 29946692
12548  0.8 29946692
12548  0.8 29946692
12548  0.8 29946692
12548  0.8 29946692
12548  0.8 29946692
12548  0.8 29946692
12548  0.8 29946692
12548  0.8 29954476
12548  0.8 29954804
12548  0.8 29966328
12548  0.8 29967644
12548  0.8 29975900
12548  0.8 29976224
12548  0.8 29990564
12548  0.8 29985700
12548  0.8 30006580
12548  0.8 30006580
12548  0.8 30006580
12548  0.8 30006580
12548  0.8 30006580
12548  0.8 30006580
12548  0.8 30006580
12548  0.8 30006580
12548  0.8 30006580
12548  0.8 30006580
12548  0.8 30007904
12548  0.8 30010540
12548  0.8 30022436
12548  0.8 30022436
12548  0.8 30033632
12548  0.8 30033632
12548  0.8 30042852
12548  0.8 30043176
12548  0.8 30054704
12548  0.8 30056680
12548  0.9 30066556
12548  0.9 30067216
12548  0.9 30074784
12548  0.9 30078364
12548  0.9 30096508
12548  0.9 30096508
12548  0.9 30096508
12548  0.9 30096508
12548  0.9 30096508
12548  0.9 30096508
12548  0.9 30096508
12548  0.9 30096508
12548  0.9 30097748
12548  0.9 30097748
12548  0.9 30097748
12548  0.9 30097748
12548  0.9 30097748
12548  0.9 30097748
12548  0.9 30109784
12548  0.9 30109784
12548  0.9 30122260
12548  0.9 30122608
12548  0.9 30135780
12548  0.9 30136088
12548  0.9 30200260
12548  0.9 30182084
12548  0.9 30167748
12548  0.9 30167748
12548  0.9 30167748
12548  0.9 30167748
12548  0.9 30167748
12548  0.9 30167748
12548  0.9 30145252
12548  0.9 30145908
12548  0.9 30154140
12548  0.9 30154444
12548  0.9 30166628
12548  0.9 30166980
12548  0.9 30176860
12548  0.9 30176860
12548  0.9 30187396
12548  0.9 30188052
12548  0.9 30207436
12548  0.9 30207436
12548  0.9 30207436
12548  0.9 30207436
12548  0.9 30207436
12548  0.9 30207436
12548  0.9 30207436
12548  0.9 30207436
12548  0.9 30207436
12548  0.9 30207436
12548  0.9 30210788
12548  0.9 30211448
12548  0.9 30223172
12548  0.9 30223832
12548  0.9 30235928
12548  0.9 30236588
12548  0.9 30247944
12548  0.9 30251688
12548  0.9 30273656
12548  0.9 30264952
12548  0.9 30286660
12548  0.9 30286660
12548  0.9 30286660
12548  0.9 30286660
12548  0.9 30286660
12548  0.9 30286660
12548  0.9 30286660
12548  0.9 30286660
12548  0.9 30286660
12548  0.9 30286660
12548  0.9 30286660
12548  0.9 30286660
12548  0.9 30286660
12548  0.9 30286660
12548  0.9 30286660
12548  0.9 30286660
12548  0.9 30290344
12548  0.9 30292320
12548  0.9 30303188
12548  0.9 30304504
12548  0.9 30311416
12548  0.9 30312732
12548  0.9 30323436
12548  0.9 30326072
12548  1.0 30338088
12548  1.0 30338088
12548  1.0 30346976
12548  1.0 30346976
12548  1.0 30357844
12548  1.0 30357844
12548  1.0 30369036
12548  1.0 30369036
12548  1.0 30377132
12548  1.0 30377132
12548  1.0 30377132
12548  1.0 30377132
12548  1.0 30377132
12548  1.0 30377132
12548  1.0 30377132
12548  1.0 30377132
12548  1.0 30377132
12548  1.0 30377132
12548  1.0 30384932
12548  1.0 30384932
12548  1.0 30392504
12548  1.0 30392504
12548  1.0 30404688
12548  1.0 30404688
12548  1.0 30413908
12548  1.0 30413908
12548  1.0 30422468
12548  1.0 30422468
12548  1.0 30431688
12548  1.0 30431688
12548  1.0 30438528
12548  1.0 30439268
12548  1.0 30460700
12548  1.0 30460700
12548  1.0 30460700
12548  1.0 30460700
12548  1.0 30460700
12548  1.0 30460700
12548  1.0 30460700
12548  1.0 30460700
12548  1.0 30460700
12548  1.0 30460700
12548  1.0 30464700
12548  1.0 30464988
12548  1.0 30480460
12548  1.0 30480460
12548  1.0 30499340
12548  1.0 30499340
12548  1.0 30499340
12548  1.0 30499340
12548  1.0 30499340
12548  1.0 30499340
12548  1.0 30499340
12548  1.0 30499340
12548  1.0 30499340
12548  1.0 30499340
12548  1.0 30499340
12548  1.0 30499340
12548  1.0 30499340
12548  1.0 30499340
12548  1.0 30499340
12548  1.0 30499340
12548  1.0 30499340
12548  1.0 30499340
12548  1.0 30499340
12548  1.0 30499340
12548  1.0 30499340
12548  1.0 30499340
12548  1.0 30499340
12548  1.0 30499340
12548  1.0 30499340
12548  1.0 30499340
12548  1.0 30499340
12548  1.0 30499340
12548  1.0 30499340
12548  1.0 30499340
12548  1.0 30499340
12548  1.0 30499340
12548  1.0 30499340
12548  1.0 30499340
12548  1.0 30499340
12548  1.0 30499340
12548  1.0 30499340
12548  1.0 30499340
12548  1.0 30499340
12548  1.0 30499340
12548  1.0 30499340
12548  1.0 30499340
12548  1.0 30499340
12548  1.0 30499340
12548  1.0 30506592
12548  1.0 30506592
12548  1.0 30515892
12548  1.0 30515892
12548  1.0 30524616
12548  1.0 30525272
12548  1.0 30533340
12548  1.0 30533996
12548  1.0 30539232
12548  1.0 30574952
12548  1.0 30552424
12548  1.0 30552424
12548  1.0 30552424
12548  1.0 30552424
12548  1.0 30552424
12548  1.0 30552424
12548  1.0 30552424
12548  1.0 30552424
12548  1.0 30552424
12548  1.0 30552424
12548  1.0 30555116
12548  1.0 30555116
12548  1.0 30567132
12548  1.0 30567792
12548  1.0 30577832
12548  1.0 30580548
12548  1.1 30593304
12548  1.1 30593304
12548  1.1 30602604
12548  1.1 30602604
12548  1.1 30616468
12548  1.1 30616468
12548  1.1 30624084
12548  1.1 30624084
12548  1.1 30643264
12548  1.1 30643264
12548  1.1 30643264
12548  1.1 30643264
12548  1.1 30643264
12548  1.1 30643264
12548  1.1 30643264
12548  1.1 30643264
12548  1.1 30643264
12548  1.1 30643264
12548  1.1 30643264
12548  1.1 30643264
12548  1.1 30643264
12548  1.1 30643264
12548  1.1 30643264
12548  1.1 30643264
12548  1.1 30643264
12548  1.1 30643264
12548  1.1 30649800
12548  1.1 30653256
12548  1.1 30674080
12548  1.1 30674080
12548  1.1 30674080
12548  1.1 30674080
12548  1.1 30674080
12548  1.1 30674080
12548  1.1 30674080
12548  1.1 30674080
12548  1.1 30674080
12548  1.1 30674080
12548  1.1 30674080
12548  1.1 30674080
12548  1.1 30680548
12548  1.1 30681208
12548  1.1 30691168
12548  1.1 30691824
12548  1.1 30702444
12548  1.1 30703100
12548  1.1 30712772
12548  1.1 30715488
12548  1.1 30736064
12548  1.1 30736064
12548  1.1 30736064
12548  1.1 30736064
12548  1.1 30736064
12548  1.1 30736064
12548  1.1 30736064
12548  1.1 30736064
12548  1.1 30736064
12548  1.1 30736064
12548  1.1 30742404
12548  1.1 30746148
12548  1.1 30754256
12548  1.1 30756972
12548  1.1 30790076
12548  1.1 30790076
12548  1.1 30781976
12548  1.1 30770968
12548  1.1 30777484
12548  1.1 30777484
12548  1.1 30777484
12548  1.1 30777484
12548  1.1 30777484
12548  1.1 30777484
12548  1.1 30778244
12548  1.1 30780564
12548  1.1 30789808
12548  1.1 30790468
12548  1.1 30803864
12548  1.1 30803864
12548  1.1 30812596
12548  1.1 30813256
12548  1.1 30818864
12548  1.1 30818864
12548  1.1 30818864
12548  1.1 30818864
12548  1.1 30836956
12548  1.1 30838600
12548  1.2 30858688
12548  1.2 30863956
12548  1.2 30881076
12548  1.2 30883712
12548  1.2 30901164
12548  1.2 30901488
12548  1.2 30918612
12548  1.2 30921244
12548  1.2 30935072
12548  1.2 30936716
12548  1.2 30950220
12548  1.2 30953180
12548  1.2 30968000
12548  1.2 30968984
12548  1.2 30982156
12548  1.2 30985776
12548  1.2 31000760
12548  1.2 31000760
12548  1.2 31015736
12548  1.2 31015736
12548  1.2 31031872
12548  1.2 31031872
12548  1.2 31045372
12548  1.2 31045372
12548  1.2 31059200
12548  1.2 31059200
12548  1.2 31073028
12548  1.2 31073028
12548  1.2 31088504
12548  1.2 31088504
12548  1.2 31099040
12548  1.2 31099040
12548  1.3 31125752
12548  1.3 31125752
12548  1.3 31125752
12548  1.3 31125752
12548  1.3 31125752
12548  1.3 31125752
12548  1.3 31125752
12548  1.3 31125752
12548  1.3 31125752
12548  1.3 31125752
12548  1.3 31125752
12548  1.3 31125752
12548  1.3 31125752
12548  1.3 31125752
12548  1.3 31125752
12548  1.3 31125752
12548  1.3 31125752
12548  1.3 31125752
12548  1.3 31125752
12548  1.3 31125752
12548  1.3 31125752
12548  1.3 31125752
12548  1.3 31125752
12548  1.3 31125752
12548  1.3 31125752
12548  1.3 31125752
12548  1.3 31125752
12548  1.3 31125752
12548  1.4 32474236
12548  1.4 32474236
12548  2.0 33148480
12548  1.9 33148480
12548  2.0 33787456
12548  2.0 33787456
12548  1.8 33820224
12548  1.8 33820224
12548  2.0 33820224
12548  2.0 33820224
12548  2.0 33820224
12548  2.0 33820224
12548  2.0 33820224
12548  2.0 33820224
12548  1.8 33145980
12548  1.8 33145980
12548  1.8 33145980
12548  1.8 33145980
12548  1.8 33145980
12548  1.8 33145980
12548  1.8 33145980
12548  1.8 33145980
12548  1.8 33145980
12548  1.8 33145980
12548  1.8 33145980
12548  1.8 33145980
12548  1.8 33145980
12548  1.8 33145980
12548  1.8 33146236
12548  1.8 33146236
12548  1.8 33146236
12548  1.8 33146236
12548  1.8 33146236
12548  1.8 33146236
12548  1.8 33146236
12548  1.8 33146236
12548  1.8 33146236
12548  1.8 33146236
12548  1.8 33146236
12548  1.8 33146236
12548  1.8 33146236
12548  1.8 33146236
12548  1.8 33146236
12548  1.8 33146236
12548  1.8 33159036
12548  1.8 33159036
12548  1.8 33101064
12548  1.8 33101064
12548  1.8 33101064
12548  1.8 33101064
12548  1.8 33101064
12548  1.8 33101064
12548  1.8 33101064
12548  1.8 33101064
12548  1.8 33101064
12548  1.8 33101064
12548  1.8 33101064
12548  1.8 33101064
12548  1.8 33101064
12548  1.8 33101064
12548  1.8 33101064
12548  1.8 33101064
12548  1.8 33101064
12548  1.8 33101064
12548  1.8 33101064
12548  1.8 33101064
12548  1.8 33101064
12548  1.8 33101064
12548  1.8 33101064
12548  1.8 33101064
12548  1.8 33101064
12548  1.8 33101064
12548  1.8 33101064
12548  1.8 33101064
12548  1.8 33101064
12548  1.8 33101064
12548  1.8 33101064
12548  1.8 33101064
12548  1.8 33101064
12548  1.8 33101064
12548  1.8 33101064
12548  1.8 33101064
12548  1.8 33101064
12548  1.8 33101064
12548  1.8 33101064
12548  1.8 33101064
12548  1.8 33101320
12548  1.8 33101320
12548  1.8 33101064
12548  1.8 33101064
12548  1.8 33101064
12548  1.8 33101064
12548  1.8 33101064
12548  1.8 33101064
12548  1.8 33101064
12548  1.8 33101064
12548  1.8 33101064
12548  1.8 33101064
12548  1.8 33101064
12548  1.8 33101064
12548  1.8 33101064
12548  1.8 33101064
12548  1.8 33101064
12548  1.8 33101064
12548  1.8 33101064
12548  1.8 33112840
12548  1.8 33101064
12548  1.8 33101064
12548  1.8 33101064
12548  1.8 33101064
12548  1.8 33101064
12548  1.8 33101064
12548  1.8 33101064
12548  1.8 33101064
12548  1.8 33101064
12548  1.8 33101064
12548  1.8 33101064
12548  1.8 33101064
12548  1.8 33101064
12548  1.8 33101064
12548  1.8 33109768
12548  1.8 33101064
12548  1.8 33101064
12548  1.8 33101064
12548  1.8 33101064
12548  1.8 33101064
12548  1.8 33101064
12548  1.8 33101064
12548  1.8 33101064
12548  1.8 33101064
12548  1.8 33101064
12548  1.8 33101064
12548  1.8 33101064
12548  1.8 33101064
12548  1.8 33101064
12548  1.8 33101064
12548  1.8 33107208
12548  1.8 33124360
12548  1.8 33101064
12548  1.8 33101064
12548  1.8 33101064
12548  1.8 33101064
12548  1.8 33101064
12548  1.8 33101064
12548  1.8 33101064
12548  1.8 33101064
12548  1.8 33101064
12548  1.8 33101064
12548  1.8 33101064
12548  1.8 33101064
12548  1.8 33101064
12548  1.8 33101064
12548  1.8 33101064
12548  1.8 33101064
12548  1.8 33101064
12548  1.8 33101064
12548  1.8 33101064
12548  1.8 33101064
12548  1.8 33101064
12548  1.8 33101064
12548  1.8 33101064
12548  1.8 33101064
12548  1.8 33101064
12548  1.8 33101064
12548  1.8 33116680
12548  1.8 33120264
12548  1.8 33101064
12548  1.8 33101064
12548  1.8 33101064
12548  1.8 33101064
12548  1.8 33101064
12548  1.8 33101064
12548  1.8 33101064
12548  1.8 33101064
12548  1.8 33101064
12548  1.8 33101064
12548  1.8 33101064
12548  1.8 33101064
12548  1.8 33101064
12548  1.8 33101064
12548  1.8 33101064
12548  1.8 33101064
12548  1.8 33101064
12548  1.8 33101064
12548  1.8 33101064
12548  1.8 33101064
12548  1.8 33101064
12548  1.8 33101064
12548  1.8 33101064
12548  1.8 33126664
12548  1.8 33101320
12548  1.8 33101320
12548  1.8 33101320
12548  1.8 33101320
12548  1.8 33101320
12548  1.8 33101320
12548  1.8 33101320
12548  1.8 33101320
12548  1.8 33101320
12548  1.8 33101320
12548  1.8 33101320
12548  1.8 33101320
12548  1.8 33101320
12548  1.8 33101320
12548  1.8 33101320
12548  1.8 33101320
12548  1.8 33101320
12548  1.8 33101320
12548  1.8 33101320
12548  1.8 33101320
12548  1.8 33101320
12548  1.8 33101320
12548  1.8 33101320
12548  1.8 33101320
12548  1.8 33130504
12548  1.8 33101576
12548  1.8 33101320
12548  1.8 33101320
12548  1.8 33101320
12548  1.8 33101320
12548  1.8 33101320
12548  1.8 33101320
12548  1.8 33101320
12548  1.8 33101320
12548  1.8 33101320
12548  1.8 33101320
12548  1.8 33101320
12548  1.8 33101320
12548  1.8 33101320
12548  1.8 33101320
12548  1.8 33101320
12548  1.8 33101320
12548  1.8 33101320
12548  1.8 33101320
12548  1.8 33132040
12548  1.8 33101576
12548  1.8 33101576
12548  1.8 33101576
12548  1.8 33101576
12548  1.8 33101576
12548  1.8 33101576
12548  1.8 33101576
12548  1.8 33101576
12548  1.8 33101576
12548  1.8 33101576
12548  1.8 33101576
12548  1.8 33101832
12548  1.8 33101576
12548  1.8 33101576
12548  1.8 33101576
12548  1.8 33101576
12548  1.8 33101576
12548  1.8 33101576
12548  1.8 33101576
12548  1.8 33101576
12548  1.8 33101576
12548  1.8 33101576
12548  1.8 33101576
12548  1.8 33101576
12548  1.8 33101576
12548  1.8 33101576
12548  1.8 33101576
12548  1.8 33101576
12548  1.8 33101576
12548  1.8 33101576
12548  1.8 33101576
12548  1.8 33101576
12548  1.8 33101576
12548  1.8 33101576
12548  1.8 33101576
12548  1.8 33101576
12548  1.8 33101576
12548  1.8 33101576
12548  1.8 33101576
12548  1.8 33101576
12548  1.8 33101576
12548  1.8 33101576
12548  1.8 33101576
12548  1.8 33101576
12548  1.8 33101576
12548  1.8 33101576
12548  1.8 33101576
12548  1.8 33101576
12548  1.8 33101576
12548  1.8 33101832
12548  1.8 33101832
12548  1.8 33101832
12548  1.8 33101832
12548  1.8 33101832
12548  1.8 33101832
12548  1.8 33101832
12548  1.8 33101832
12548  1.8 33101832
12548  1.8 33101832
12548  1.8 33101832
12548  1.8 33101832
12548  1.8 33101832
12548  1.8 33101832
12548  1.8 33101832
12548  1.8 33101832
12548  1.8 33101832
12548  1.8 33102088
12548  1.8 33101832
12548  1.8 33101832
12548  1.8 33101832
12548  1.8 33101832
12548  1.8 33101832
12548  1.8 33101832
12548  1.8 33101832
12548  1.8 33101832
12548  1.8 33101832
12548  1.8 33101832
12548  1.8 33101832
12548  1.8 33101832
12548  1.8 33101832
12548  1.8 33101832
12548  1.8 33101832
12548  1.8 33103112
12548  1.8 33101832
12548  1.8 33101832
12548  1.8 33101832
12548  1.8 33101832
12548  1.8 33101832
12548  1.8 33101832
12548  1.8 33101832
12548  1.8 33101832
12548  1.8 33101832
12548  1.8 33101832
12548  1.8 33101832
12548  1.8 33101832
12548  1.8 33101832
12548  1.8 33101832
12548  1.8 33101832
12548  1.8 33101832
12548  1.8 33101832
12548  1.8 33101832
12548  1.8 33101832
12548  1.8 33101832
12548  1.8 33101832
12548  1.8 33137160
12548  1.8 33101832
12548  1.8 33101832
12548  1.8 33101832
12548  1.8 33101832
12548  1.8 33101832
12548  1.8 33101832
12548  1.8 33101832
12548  1.8 33101832
12548  1.8 33101832
12548  1.8 33101832
12548  1.8 33101832
12548  1.8 33101832
12548  1.8 33101832
12548  1.8 33101832
12548  1.8 33101832
12548  1.8 33101832
12548  1.8 33101832
12548  1.8 33101832
12548  1.8 33101832
12548  1.8 33101832
12548  1.8 33101832
12548  1.8 33101832
12548  1.8 33101832
12548  1.8 33101832
12548  1.8 33101832
12548  1.8 33101832
12548  1.8 33102600
12548  1.8 33133320
12548  1.8 33102088
12548  1.8 33102088
12548  1.8 33102088
12548  1.8 33102088
12548  1.8 33102088
12548  1.8 33102088
12548  1.8 33102088
12548  1.8 33102088
12548  1.8 33102088
12548  1.8 33102088
12548  1.8 33102088
12548  1.8 33102088
12548  1.8 33102088
12548  1.8 33102088
12548  1.8 33102088
12548  1.8 33102088
12548  1.8 33102088
12548  1.8 33102088
12548  1.8 33102088
12548  1.8 33102088
12548  1.8 33102088
12548  1.8 33102088
12548  1.8 33102088
12548  1.8 33102088
12548  1.8 33102088
12548  1.8 33102088
12548  1.8 33102088
12548  1.8 33102088
12548  1.8 33102088
12548  1.8 33102088
12548  1.8 33102088
12548  1.8 33102088
12548  1.8 33102088
12548  1.8 33102088
12548  1.8 33102088
12548  1.8 33102088
12548  1.8 33102088
12548  1.8 33102088
12548  1.8 33102088
12548  1.8 33102088
12548  1.8 33102088
12548  1.8 33102088
12548  1.8 33119496
12548  1.8 33102088
12548  1.8 33102088
12548  1.8 33102088
12548  1.8 33102088
12548  1.8 33102088
12548  1.8 33102088
12548  1.8 33102088
12548  1.8 33102088
12548  1.8 33102088
12548  1.8 33102088
12548  1.8 33116684
12548  1.8 33116684
12548  1.8 33123784
12548  1.8 33127420
12548  1.8 33134224
12548  1.8 33134224
12548  1.8 33134224
12548  1.8 33134224
12548  1.8 33134224
12548  1.8 33134224
12548  1.8 33143252
12548  1.8 33144568
12548  1.8 33155476
12548  1.8 33158112
12548  1.8 33181636
12548  1.8 33181636
12548  1.8 33181636
12548  1.8 33181636
12548  1.8 33181636
12548  1.8 33181636
12548  1.8 33181636
12548  1.8 33181636
12548  1.8 33182720
12548  1.8 33184036
12548  1.8 33196132
12548  1.8 33199136
12548  1.8 33222552
12548  1.8 33236376
12548  1.8 33216408
12548  1.8 33216408
12548  1.8 33216408
12548  1.8 33216408
12548  1.8 33216408
12548  1.8 33216408
12548  1.8 33218344
12548  1.9 34569144
12548  2.3 34569144
12548  1.9 33894904
12548  1.8 33894904
12548  2.0 33894904
12548  1.9 33894904
12548  2.1 33894904
12548  2.1 33894904
12548  2.0 33894904
12548  2.0 33894904
12548  2.1 33894904
12548  2.1 33894904
12548  2.0 33894904
12548  1.8 33220660
12548  1.8 33220660
12548  1.8 33220660
12548  1.8 33220660
12548  1.8 33220660
12548  1.8 33220660
12548  1.8 33220660
12548  1.8 33245236
12548  1.8 33220660
12548  1.8 33220660
12548  1.8 33220660
12548  1.8 33220660
12548  1.8 33220660
12548  1.8 33220660
12548  1.8 33220660
12548  1.8 33220660
12548  1.8 33220660
12548  1.8 33220660
12548  1.8 33220660
12548  1.8 33220660
12548  1.8 33220660
12548  1.8 33220660
12548  1.8 33220660
12548  1.8 33220660
12548  1.8 33220660
12548  1.8 33220660
12548  1.8 33220660
12548  1.8 33220660
12548  1.8 33220660
12548  1.8 33220660
12548  1.8 33220660
12548  1.8 33220660
12548  1.8 33220660
12548  1.8 33220660
12548  1.8 33220660
12548  1.8 33220660
12548  1.8 33220660
12548  1.8 33220660
12548  1.8 33220660
12548  1.8 33220660
12548  1.8 33220660
12548  1.8 33220660
12548  1.8 33220660
12548  1.8 33220660
12548  1.8 33220660
12548  1.8 33220660
12548  1.8 33220660
12548  1.8 33220660
12548  1.8 33220660
12548  1.8 33220660
12548  1.8 33220660
12548  1.8 33220660
12548  1.8 33220660
12548  1.8 33220660
12548  1.8 33220660
12548  1.8 33220660
12548  1.8 33220660
12548  1.8 33220660
12548  1.8 33220660
12548  1.8 33220660
12548  1.8 33220660
12548  1.8 33220660
12548  1.8 33220660
12548  1.8 33220660
12548  1.8 33220660
12548  1.8 33220660
12548  1.8 33220660
12548  1.8 33220660
12548  1.8 33219636
12548  1.8 33219636
12548  1.8 33219636
12548  1.8 33219636
12548  1.8 33219636
12548  1.8 33219636
12548  1.8 33219636
12548  1.8 33219636
12548  1.8 33219636
12548  1.8 33219636
12548  1.8 33219636
12548  1.8 33219636
12548  1.8 33219636
12548  1.8 33219636
12548  1.8 33219636
12548  1.8 33219636
12548  1.8 33219636
12548  1.8 33219636
12548  1.8 33219636
12548  1.8 33219636
12548  1.8 33219636
12548  1.8 33219636
12548  1.8 33219636
12548  1.8 33219636
12548  1.8 33219636
12548  1.8 33219636
12548  1.8 33219636
12548  1.8 33219636
12548  1.8 33231156
12548  1.8 33219892
12548  1.8 33219892
12548  1.8 33219892
12548  1.8 33219892
12548  1.8 33219892
12548  1.8 33219892
12548  1.8 33219892
12548  1.8 33219892
12548  1.8 33219892
12548  1.8 33219892
12548  1.8 33219892
12548  1.8 33228084
12548  1.8 33220148
12548  1.8 33220148
12548  1.8 33220148
12548  1.8 33220148
12548  1.8 33220148
12548  1.8 33219892
12548  1.8 33251124
12548  1.8 33219892
12548  1.8 33219892
12548  1.8 33219892
12548  1.8 33219892
12548  1.8 33219892
12548  1.8 33219892
12548  1.8 33219892
12548  1.8 33219892
12548  1.8 33219892
12548  1.8 33219892
12548  1.8 33219892
12548  1.8 33219892
12548  1.8 33219892
12548  1.8 33219892
12548  1.8 33219892
12548  1.8 33219892
12548  1.8 33219892
12548  1.8 33219892
12548  1.8 33219892
12548  1.8 33219892
12548  1.8 33219892
12548  1.8 33219892
12548  1.8 33219892
12548  1.8 33219892
12548  1.8 33219892
12548  1.8 33219892
12548  1.8 33219892
12548  1.8 33219892
12548  1.8 33219892
12548  1.8 33219892
12548  1.8 33219892
12548  1.8 33219892
12548  1.8 33219892
12548  1.8 33219892
12548  1.8 33220148
12548  1.8 33220148
12548  1.8 33220148
12548  1.8 33220148
12548  1.8 33220148
12548  1.8 33220148
12548  1.8 33220148
12548  1.8 33220148
12548  1.8 33220148
12548  1.8 33220148
12548  1.8 33220148
12548  1.8 33220148
12548  1.8 33220148
12548  1.8 33220148
12548  1.8 33220148
12548  1.8 33220148
12548  1.8 33224500
12548  1.8 33220148
12548  1.8 33220148
12548  1.8 33220148
12548  1.8 33220148
12548  1.8 33220148
12548  1.8 33220148
12548  1.8 33247540
12548  1.8 33249844
12548  1.8 33219636
12548  1.8 33219636
12548  1.8 33219636
12548  1.8 33219636
12548  1.8 33219636
12548  1.8 33219636
12548  1.8 33219636
12548  1.8 33219636
12548  1.8 33219636
12548  1.8 33219636
12548  1.8 33219636
12548  1.8 33219636
12548  1.8 33219636
12548  1.8 33219636
12548  1.8 33219892
12548  1.8 33219892
12548  1.8 33219636
12548  1.8 33219636
12548  1.8 33219636
12548  1.8 33219636
12548  1.8 33219636
12548  1.8 33219636
12548  1.8 33219636
12548  1.8 33219636
12548  1.8 33219636
12548  1.8 33219636
12548  1.8 33219636
12548  1.8 33219636
12548  1.8 33219636
12548  1.8 33219636
12548  1.8 33219636
12548  1.8 33219636
12548  1.8 33219636
12548  1.8 33219636
12548  1.8 33219892
12548  1.8 33219636
12548  1.8 33219636
12548  1.8 33219636
12548  1.8 33219636
12548  1.8 33219636
12548  1.8 33233716
12548  1.8 33219636
12548  1.8 33219636
12548  1.8 33219636
12548  1.8 33219636
12548  1.8 33219636
12548  1.8 33219636
12548  1.8 33219636
12548  1.8 33219636
12548  1.8 33219636
12548  1.8 33219636
12548  1.8 33219636
12548  1.8 33219636
12548  1.8 33219636
12548  1.8 33219636
12548  1.8 33219636
12548  1.8 33219636
12548  1.8 33219636
12548  1.8 33219636
12548  1.8 33219636
12548  1.8 33219636
12548  1.8 33219636
12548  1.8 33219636
12548  1.8 33219636
12548  1.8 33219892
12548  1.8 33219636
12548  1.8 33219636
12548  1.8 33219636
12548  1.8 33219636
12548  1.8 33219636
12548  1.8 33219636
12548  1.8 33219636
12548  1.8 33219636
12548  1.8 33219636
12548  1.8 33219636
12548  1.8 33219636
12548  1.8 33219636
12548  1.8 33219636
12548  1.8 33219636
12548  1.8 33219636
12548  1.8 33219636
12548  1.8 33219636
12548  1.8 33219636
12548  1.8 33219636
12548  1.8 33219636
12548  1.8 33219636
12548  1.8 33219636
12548  1.8 33219636
12548  1.8 33219636
12548  1.8 33219636
12548  1.8 33219636
12548  1.8 33219636
12548  1.8 33219636
12548  1.8 33219636
12548  1.8 33219636
12548  1.8 33219636
12548  1.8 33219636
12548  1.8 33219636
12548  1.8 33219636
12548  1.8 33219636
12548  1.8 33219636
12548  1.8 33219636
12548  1.8 33219636
12548  1.8 33219636
12548  1.8 33219636
12548  1.8 33219636
12548  1.8 33219636
12548  1.8 33219636
12548  1.8 33219892
12548  1.8 33219892
12548  1.8 33219892
12548  1.8 33219892
12548  1.8 33219892
12548  1.8 33219892
12548  1.8 33219892
12548  1.8 33219892
12548  1.8 33219892
12548  1.8 33219892
12548  1.8 33219892
12548  1.8 33219892
12548  1.8 33219892
12548  1.8 33219892
12548  1.8 33219892
12548  1.8 33219892
12548  1.8 33219892
12548  1.8 33219892
12548  1.8 33219892
12548  1.8 33219892
12548  1.8 33219892
12548  1.8 33242420
12548  1.8 33219892
12548  1.8 33219892
12548  1.8 33219892
12548  1.8 33219892
12548  1.8 33219892
12548  1.8 33219892
12548  1.8 33219892
12548  1.8 33219892
12548  1.8 33219892
12548  1.8 33219892
12548  1.8 33219892
12548  1.8 33219892
12548  1.8 33219892
12548  1.8 33219892
12548  1.8 33219892
12548  1.8 33219892
12548  1.8 33219892
12548  1.8 33219892
12548  1.8 33219892
12548  1.8 33219892
12548  1.8 33220148
12548  1.8 33219892
12548  1.8 33219892
12548  1.8 33219892
12548  1.8 33219892
12548  1.8 33219892
12548  1.8 33219892
12548  1.8 33219892
12548  1.8 33219892
12548  1.8 33219892
12548  1.8 33219892
12548  1.8 33219892
12548  1.8 33219892
12548  1.8 33219892
12548  1.8 33219892
12548  1.8 33219892
12548  1.8 33219892
12548  1.8 33219892
12548  1.8 33219892
12548  1.8 33219892
12548  1.8 33219892
12548  1.8 33219892
12548  1.8 33219892
12548  1.8 33219892
12548  1.8 33219892
12548  1.8 33219892
12548  1.8 33219892
12548  1.8 33219892
12548  1.8 33219892
12548  1.8 33219892
12548  1.8 33219892
12548  1.8 33219892
12548  1.8 33219892
12548  1.8 33219892
12548  1.8 33219892
12548  1.8 33219892
12548  1.8 33219892
12548  1.8 33219892
12548  1.8 33219892
12548  1.8 33219892
12548  1.8 33219892
12548  1.8 33219892
12548  1.8 33219892
12548  1.8 33219892
12548  1.8 33219892
12548  1.8 33219892
12548  1.8 33219892
12548  1.8 33219892
12548  1.8 33219892
12548  1.8 33219892
12548  1.8 33219892
12548  1.8 33219892
12548  1.8 33219892
12548  1.8 33219892
12548  1.8 33219892
12548  1.8 33219892
12548  1.8 33219892
12548  1.8 33219892
12548  1.8 33219892
12548  1.8 33219892
12548  1.8 33219892
12548  1.8 33229620
12548  1.8 33219892
12548  1.8 33219892
12548  1.8 33219892
12548  1.8 33219892
12548  1.8 33219892
12548  1.8 33219892
12548  1.8 33219892
12548  1.8 33219892
12548  1.8 33219892
12548  1.8 33219892
12548  1.8 33219892
12548  1.8 33219892
12548  1.8 33219892
12548  1.8 33219892
12548  1.8 33219892
12548  1.8 33219892
12548  1.8 33219892
12548  1.8 33219892
12548  1.8 33219892
12548  1.8 33219892
12548  1.8 33219892
12548  1.8 33219892
12548  1.8 33219892
12548  1.8 33219892
12548  1.8 33219892
12548  1.8 33235764
12548  1.8 33219892
12548  1.8 33219892
12548  1.8 33219892
12548  1.8 33219892
12548  1.8 33219892
12548  1.8 33219892
12548  1.8 33219892
12548  1.8 33219892
12548  1.8 33222196
12548  1.8 33219892
12548  1.8 33219892
12548  1.8 33219892
12548  1.8 33219892
12548  1.8 33219892
12548  1.8 33219892
12548  1.8 33219892
12548  1.8 33219892
12548  1.8 33219892
12548  1.8 33219892
12548  1.8 33219892
12548  1.8 33219892
12548  1.8 33219892
12548  1.8 33219892
12548  1.8 33219892
12548  1.8 33219892
12548  1.8 33219892
12548  1.8 33219892
12548  1.8 33219892
12548  1.8 33219892
12548  1.8 33219892
12548  1.8 33219892
12548  1.8 33219892
12548  1.8 33219892
12548  1.8 33219892
12548  1.8 33219892
12548  1.8 33219892
12548  1.8 33219892
12548  1.8 33219892
12548  1.8 33220148
12548  1.8 33220148
12548  1.8 33220148
12548  1.8 33220148
12548  1.8 33220148
12548  1.8 33220148
12548  1.8 33220148
12548  1.8 33220148
12548  1.8 33220148
12548  1.8 33220148
12548  1.8 33220148
12548  1.8 33220148
12548  1.8 33220148
12548  1.8 33220148
12548  1.8 33220148
12548  1.8 33220148
12548  1.8 33220404
12548  1.8 33220404
12548  1.8 33219892
12548  1.8 33219892
12548  1.8 33219892
12548  1.8 33219892
12548  1.8 33219892
12548  1.8 33219892
12548  1.8 33219892
12548  1.8 33219892
12548  1.8 33219892
12548  1.8 33219892
12548  1.8 33219892
12548  1.8 33219892
12548  1.8 33219892
12548  1.8 33219892
12548  1.8 33219892
12548  1.8 33219892
12548  1.8 33219892
12548  1.8 33219892
12548  1.8 33219892
12548  1.8 33219892
12548  1.8 33219892
12548  1.8 33219892
12548  1.8 33219892
12548  1.8 33219892
12548  1.8 33219892
12548  1.8 33219892
12548  1.8 33219892
12548  1.8 33219892
12548  1.8 33220148
12548  1.8 33220148
12548  1.8 33220148
12548  1.8 33220148
12548  1.8 33220148
12548  1.8 33220148
12548  1.8 33220148
12548  1.8 33220148
12548  1.8 33220148
12548  1.8 33220148
12548  1.8 33255988
12548  1.8 33220148
12548  1.8 33220148
12548  1.8 33220148
12548  1.8 33220148
12548  1.8 33220148
12548  1.8 33220148
12548  1.8 33220148
12548  1.8 33220148
12548  1.8 33220148
12548  1.8 33220148
12548  1.8 33220148
12548  1.8 33220148
12548  1.8 33220148
12548  1.8 33220148
12548  1.8 33220148
12548  1.8 33220148
12548  1.8 33220148
12548  1.8 33220148
12548  1.8 33220148
12548  1.8 33220148
12548  1.8 33220148
12548  1.8 33220148
12548  1.8 33220148
12548  1.8 33220148
12548  1.8 33220148
12548  1.8 33220148
12548  1.8 33220148
12548  1.8 33220148
12548  1.8 33220148
12548  1.8 33220148
12548  1.8 33220148
12548  1.8 33220148
12548  1.8 33220148
12548  1.8 33220148
12548  1.8 33220148
12548  1.8 33220148
12548  1.8 33220148
12548  1.8 33220148
12548  1.8 33220148
12548  1.8 33220148
12548  1.8 33220148
12548  1.8 33220148
12548  1.8 33220148
12548  1.8 33220148
12548  1.8 33220148
12548  1.8 33220148
12548  1.8 33220148
12548  1.8 33220148
12548  1.8 33220148
12548  1.8 33220148
12548  1.8 33220148
12548  1.8 33220148
12548  1.8 33220148
12548  1.8 33220148
12548  1.8 33220148
12548  1.8 33220148
12548  1.8 33220148
12548  1.8 33220148
12548  1.8 33220148
12548  1.8 33220148
12548  1.8 33220148
12548  1.8 33220148
12548  1.8 33220148
12548  1.8 33220148
12548  1.8 33220148
12548  1.8 33220148
12548  1.8 33220148
12548  1.8 33220148
12548  1.8 33220148
12548  1.8 33220148
12548  1.8 33220148
12548  1.8 33220148
12548  1.8 33220148
12548  1.8 33220148
12548  1.8 33220148
12548  1.8 33220148
12548  1.8 33220148
12548  1.8 33220148
12548  1.8 33220148
12548  1.8 33220148
12548  1.8 33220148
12548  1.8 33220148
12548  1.8 33220148
12548  1.8 33220148
12548  1.8 33220148
12548  1.8 33220148
12548  1.8 33220148
12548  1.8 33220148
12548  1.8 33220148
12548  1.8 33220148
12548  1.8 33220148
12548  1.8 33220148
12548  1.8 33220404
12548  1.8 33220404
12548  1.8 33220404
12548  1.8 33220404
12548  1.8 33220404
12548  1.8 33220404
12548  1.8 33220404
12548  1.8 33220404
12548  1.8 33248612
12548  1.8 33233252
12548  1.8 33233252
12548  1.8 33233252
12548  1.8 33233252
12548  1.8 33233252
12548  1.8 33233252
12548  1.8 33233252
12548  1.8 33233252
12548  1.8 33233252
12548  1.8 33258620
12548  1.8 33236860
12548  1.8 33236860
12548  1.8 33236860
12548  1.8 33236860
12548  1.8 33236860
12548  1.8 33236860
12548  1.8 33237876
12548  1.8 33245492
12548  1.8 33251420
12548  1.8 33258688
12548  1.8 33269012
12548  1.8 33269012
12548  1.8 33269012
12548  1.8 33269012
12548  1.8 33269012
12548  1.8 33269012
12548  1.8 33269012
12548  1.8 33269012
12548  1.8 33269012
12548  1.8 33269012
12548  1.8 33269012
12548  1.8 33269012
12548  1.8 33269012
12548  1.8 33269012
12548  1.8 33269012
12548  1.8 33269012
12548  1.8 33269012
12548  1.8 33269012
12548  1.8 33269012
12548  1.8 33269012
12548  1.8 33269012
12548  1.8 33269012
12548  1.8 33269012
12548  1.8 33269012
12548  1.8 33269012
12548  1.8 33269012
12548  1.8 33269012
12548  1.8 33269012
12548  1.8 33269012
12548  1.8 33269012
12548  1.8 33269012
12548  1.8 33269012
12548  1.8 33269012
12548  1.8 33269012
12548  1.8 33269012
12548  1.8 33269012
12548  2.0 34617496
12548  1.8 33943256
12548  2.1 33943256
12548  2.1 33943256
12548  1.9 33943256
12548  1.8 33943256
12548  2.1 33943256
12548  2.1 33943256
12548  1.9 33943256
12548  1.8 33943256
12548  2.1 33943256
12548  2.1 33943256
12548  1.8 33269012
12548  1.8 33269012
12548  1.8 33269012
12548  1.8 33269012
12548  1.8 33269012
12548  1.8 33269012
12548  1.8 33269012
12548  1.8 33283092
12548  1.8 33269268
12548  1.8 33269268
12548  1.8 33269268
12548  1.8 33269268
12548  1.8 33269268
12548  1.8 33269268
12548  1.8 33269268
12548  1.8 33269268
12548  1.8 33269268
12548  1.8 33269268
12548  1.8 33269268
12548  1.8 33269268
12548  1.8 33269268
12548  1.8 33269268
12548  1.8 33269268
12548  1.8 33269268
12548  1.8 33269268
12548  1.8 33269268
12548  1.8 33269268
12548  1.8 33269268
12548  1.8 33269268
12548  1.8 33269268
12548  1.8 33269268
12548  1.8 33269268
12548  1.8 33269268
12548  1.8 33269268
12548  1.8 33269268
12548  1.8 33269268
12548  1.8 33269268
12548  1.8 33269268
12548  1.8 33269268
12548  1.8 33269268
12548  1.8 33269268
12548  1.8 33269268
12548  1.8 33269268
12548  1.8 33269268
12548  1.8 33269268
12548  1.8 33269268
12548  1.8 33269268
12548  1.8 33269268
12548  1.8 33269268
12548  1.8 33269268
12548  1.8 33269268
12548  1.8 33269268
12548  1.8 33269268
12548  1.8 33269268
12548  1.8 33269268
12548  1.8 33269268
12548  1.8 33269268
12548  1.8 33269268
12548  1.8 33269268
12548  1.8 33269268
12548  1.8 33269268
12548  1.8 33269268
12548  1.8 33269268
12548  1.8 33269268
12548  1.8 33269268
12548  1.8 33269268
12548  1.8 33269268
12548  1.8 33269268
12548  1.8 33269268
12548  1.8 33269268
12548  1.8 33269268
12548  1.8 33269268
12548  1.8 33269268
12548  1.8 33269268
12548  1.8 33269268
12548  1.8 33293076
12548  1.8 33269268
12548  1.8 33269268
12548  1.8 33269268
12548  1.8 33269268
12548  1.8 33269268
12548  1.8 33269268
12548  1.8 33269268
12548  1.8 33269268
12548  1.8 33269268
12548  1.8 33269268
12548  1.8 33269268
12548  1.8 33269268
12548  1.8 33269268
12548  1.8 33269268
12548  1.8 33269268
12548  1.8 33269268
12548  1.8 33269268
12548  1.8 33269268
12548  1.8 33269268
12548  1.8 33269268
12548  1.8 33293332
12548  1.8 33269268
12548  1.8 33269268
12548  0.0      0
21937  0.0 133832
21937  0.0 133832
21937  0.0 133832
21937  0.0 133832
21937  0.0 133832
21937  0.0 133832
21937  0.0 133832
21937  0.0 133832
21937  0.0 133832
21937  0.0 133832
21937  0.0 133832
21937  0.0 133832
21937  0.0 133832
21937  0.0 133832
21937  0.0 133832
21937  0.0 133832
21937  0.0 134088
21937  0.0 134088
21937  0.0 134088
21937  0.0 134088
21937  0.0 134088
21937  0.0 134088
21937  0.0 134088
21937  0.0 134088
21937  0.0 134088
21937  0.0 134088
21937  0.0 134088
21937  0.0 134088
21937  0.0 134088
21937  0.0 134088
21937  0.0 134088
21937  0.0 134088
21937  0.0 134088
21937  0.0 134088
21937  0.0 134088
21937  0.0 134088
21937  0.0 134088
21937  0.0 134088
21937  0.0 134088
21937  0.0 134088
21937  0.0 134088
21937  0.0 134088
21937  0.0 134088
21937  0.0 134088
21937  0.0 134088
21937  0.0 134088
21937  0.0 134088
21937  0.0 134088
21937  0.0 134088
21937  0.0 134088
21937  0.0 134088
21937  0.0 134088
21937  0.0 134088
21937  0.0 134088
21937  0.0 134088
21937  0.0 134088
21937  0.0 134088
21937  0.0 134088
21937  0.0 134088
21937  0.0 134088
21937  0.0 134088
21937  0.0 134088
21937  0.0 134088
21937  0.0 134088
21937  0.0 134088
21937  0.0 134088
21937  0.0 134088
21937  0.0 134088
21937  0.0 134088
21937  0.0 134088
21937  0.0 134088
21937  0.0 134088
21937  0.0 134088
21937  0.0 134088
21937  0.0 134088
21937  0.0 134088
21937  0.0 134088
21937  0.0 134088
21937  0.0 134088
21937  0.0 134088
21937  0.0 134088
21937  0.0 134088
21937  0.0 134088
21937  0.0 134088
21937  0.0 134088
21937  0.0 134088
21937  0.0 134088
21937  0.0 134088
21937  0.0 134088
21937  0.0 134088
21937  0.0 134088
21937  0.0 134088
21937  0.0 134088
21937  0.0 134088
21937  0.0 134088
21937  0.0 134088
21937  0.0 134088
21937  0.0 134088
21937  0.0 134088
21937  0.0 134088
21937  0.0 134088
21937  0.0 134088
21937  0.0 134088
21937  0.0 134088
21937  0.0 134088
21937  0.0 134088
21937  0.0 134088
21937  0.0 134088
21937  0.0 134088
21937  0.0 134088
21937  0.0 134088
21937  0.0 134088
21937  0.0 134088
21937  0.0 134088
21937  0.0 134088
21937  0.0 134088
21937  0.0 134088
21937  0.0 134088
21937  0.0 134088
21937  0.0 134088
21937  0.0 134088
21937  0.0 134088
21937  0.0 134088
21937  0.0 134088
21937  0.0 134088
21937  0.0 134088
21937  0.0 134088
21937  0.0 134088
21937  0.0 134088
21937  0.0 134088
21937  0.0 134088
21937  0.0 134088
21937  0.0 134088
21937  0.0 134088
21937  0.0 134088
21937  0.0 134088
21937  0.0 134088
21937  0.0 134088
21937  0.0 134088
21937  0.0 134088
21937  0.0 134088
21937  0.0 134088
21937  0.0 134088
21937  0.0 134088
21937  0.0 134088
21937  0.0 134088
21937  0.0 134088
21937  0.0 134088
21937  0.0 134088
21937  0.0 134088
21937  0.0 134088
21937  0.0 134088
21937  0.0 134088
21937  0.0 134088
21937  0.0 134088
21937  0.0 134088
21937  0.0 134088
21937  0.0 134088
21937  0.0 134088
21937  0.0 134088
21937  0.0 134088
21937  0.0 134088
21937  0.0 134088
21937  0.0 134088
21937  0.0 134088
21937  0.0 134088
21937  0.0 134088
21937  0.0 134088
21937  0.0 134088
21937  0.0 134088
21937  0.0 134088
21937  0.0 134088
21937  0.0 134088
21937  0.0 134088
21937  0.0 134088
21937  0.0 134088
21937  0.0 134088
21937  0.0 134088
21937  0.0 134088
21937  0.0 134088
21937  0.0 134088
21937  0.0 134088
21937  0.0 134088
21937  0.0 134088
21937  0.0 134088
21937  0.0 134088
21937  0.0 134088
21937  0.0 134088
21937  0.0 134088
21937  0.0 134088
21937  0.0 134088
21937  0.0 134088
21937  0.0 134088
21937  0.0 134088
21937  0.0 134088
21937  0.0 134088
21937  0.0 134088
21937  0.0 134088
21937  0.0 134088
21937  0.0 134088
21937  0.0 134088
21937  0.0 134088
21937  0.0 134088
21937  0.0 134088
21937  0.0 134088
21937  0.0 134088
21937  0.0 134088
21937  0.0 134088
21937  0.0 134088
21937  0.0 134088
21937  0.0 134088
21937  0.0 134088
21937  0.0 134088
21937  0.0 134088
21937  0.0 134088
21937  0.0 134088
21937  0.0 134088
21937  0.0 134088
21937  0.0 134088
21937  0.0 134088
21937  0.0 134088
21937  0.0 134088
21937  0.0 134088
21937  0.0 134088
21937  0.0 134088
21937  0.0 134088
21937  0.0 134088
21937  0.0 134088
21937  0.0 134088
21937  0.0 134088
21937  0.0 134088
21937  0.0 134088
21937  0.0 134088
21937  0.0 134088
21937  0.0 134088
21937  0.0 134088
21937  0.0 134088
21937  0.0 134088
21937  0.0 134088
21937  0.0 134088
21937  0.0 134088
21937  0.0 134088
21937  0.0 134088
21937  0.0 134088
21937  0.0 134088
21937  0.0 134088
21937  0.0 134088
21937  0.0 134088
21937  0.0 134088
21937  0.0 134088
21937  0.0 134088
21937  0.0 134088
21937  0.0 134088
21937  0.0 134088
21937  0.0 134088
21937  0.0 134088
21937  0.0 134088
21937  0.0 134088
21937  0.0 134088
21937  0.0 134088
21937  0.0 134088
21937  0.0 134088
21937  0.0 134088
21937  0.0 134088
21937  0.0 134088
21937  0.0 134088
21937  0.0 134088
21937  0.0 134088
21937  0.0 134088
21937  0.0 134088
21937  0.0 134088
21937  0.0 134088
21937  0.0 134088
21937  0.0 134088
21937  0.0 134088
21937  0.0 134088
21937  0.0 134088
21937  0.0 134088
21937  0.0 134088
21937  0.0 134088
21937  0.0 134088
21937  0.0 134088
21937  0.0 134088
21937  0.0 134088
21937  0.0 134088
21937  0.0 134088
21937  0.0 134088
21937  0.0 134088
21937  0.0 134088
21937  0.0 134088
21937  0.0 134088
21937  0.0 134088
21937  0.0 134088
21937  0.0 134088
21937  0.0 134088
21937  0.0 134088
21937  0.0 134088
21937  0.0 134088
21937  0.0 134088
21937  0.0 134088
21937  0.0 134088
21937  0.0 134088
21937  0.0 134088
21937  0.0 134088
21937  0.0 134088
21937  0.0 134088
21937  0.0 134088
21937  0.0 134088
21937  0.0 134088
21937  0.0 134088
21937  0.0 134088
21937  0.0 134088
21937  0.0 134088
21937  0.0 134088
21937  0.0 134088
21937  0.0 134088
21937  0.0 134088
21937  0.0 134088
21937  0.0 134088
21937  0.0 134088
21937  0.0 134088
21937  0.0 134088
21937  0.0 134088
21937  0.0 134088
21937  0.0 134088
21937  0.0 134088
21937  0.0 134088
21937  0.0 134088
21937  0.0 134088
21937  0.0 134088
21937  0.0 134088
21937  0.0 134088
21937  0.0 134088
21937  0.0 134088
21937  0.0 134088
21937  0.0 134088
21937  0.0 134088
21937  0.0 134088
21937  0.0 134088
21937  0.0 134088
21937  0.0 134088
21937  0.0 134088
21937  0.0 134088
21937  0.0 134088
21937  0.0 134088
21937  0.0 134088
21937  0.0 134088
21937  0.0 134088
21937  0.0 134088
21937  0.0 134088
21937  0.0 134088
21937  0.0 134088
21937  0.0 134088
21937  0.0 134088
21937  0.0 134088
21937  0.0 134088
21937  0.0 134088
21937  0.0 134088
21937  0.0 134088
21937  0.0 134088
21937  0.0 134088
21937  0.0 134088
21937  0.0 134088
21937  0.0 134088
21937  0.0 134088
21937  0.0 134088
21937  0.0 134088
21937  0.0 134088
21937  0.0 134088
21937  0.0 134088
21937  0.0 134088
21937  0.0 134088
21937  0.0 134088
21937  0.0 134088
21937  0.0 134088
21937  0.0 134088
21937  0.0 134088
21937  0.0 134088
21937  0.0 134088
21937  0.0 134088
21937  0.0 134088
