 0.4 28159888
 0.4 28159888
 0.4 28159888
 0.4 28159888
 0.4 28159888
 0.4 28159888
 0.4 28159888
 0.4 28159888
 0.4 28159888
 0.4 28159888
 0.4 28159888
 0.6 28533984
 0.7 28743440
 0.7 28753976
 0.7 28759932
 0.7 28759932
 0.7 28765200
 0.7 28775736
 0.7 28786272
 0.7 28795492
 0.7 28798124
 0.7 28798124
 0.7 28800760
 0.7 28816560
 0.7 28833132
 0.7 28841692
 0.7 28841692
 0.7 28841692
 0.7 28841692
 0.7 28847616
 0.7 28859468
 0.7 28871320
 0.7 28883172
 0.7 28885808
 0.7 28885808
 0.7 28885808
 0.7 28891736
 0.7 28903588
 0.7 28912804
 0.7 28922024
 0.7 28931172
 0.7 28940388
 0.7 28949608
 0.7 28950924
 0.7 28950924
 0.7 28950924
 0.7 28950924
 0.7 28950924
 0.7 28950924
 0.7 28950924
 0.7 28950924
 0.7 28950924
 0.7 28950924
 0.7 28950924
 0.7 28950924
 0.7 28950924
 0.7 28950924
 0.7 28950924
 0.7 28950924
 0.7 28950924
 0.7 28950924
 0.7 28950924
 0.7 28950924
 0.7 28950924
 0.7 28950924
 0.7 28950924
 0.7 28950924
 0.7 28950924
 0.7 28950924
 0.7 28957508
 0.7 28961460
 0.7 28961460
 0.7 28961460
 0.7 28961460
 0.7 28961460
 0.7 28968044
 0.8 28979896
 0.8 28990432
 0.8 29001224
 0.8 29011760
 0.8 29022296
 0.8 29034044
 0.8 29044580
 0.8 29044580
 0.8 29044580
 0.8 29044580
 0.8 29044580
 0.8 29048564
 0.8 29059068
 0.8 29059068
 0.8 29059068
 0.8 29059068
 0.8 29059068
 0.8 29059068
 0.8 29059068
 0.8 29059068
 0.8 29059068
 0.8 29059068
 0.8 29059068
 0.8 29059068
 0.8 29059068
 0.8 29059068
 0.8 29059068
 0.8 29059068
 0.8 29059068
 0.8 29059068
 0.8 29059068
 0.8 29059068
 0.8 29059068
 0.8 29059068
 0.8 29059068
 0.8 29059068
 0.8 29059068
 0.8 29059068
 0.8 29063016
 0.8 29072236
 0.8 29082772
 0.8 29093308
 0.8 29103840
 0.8 29110428
 0.8 29110428
 0.8 29110428
 0.8 29110428
 0.8 29110428
 0.8 29110428
 0.8 29110428
 0.8 29115696
 0.8 29124912
 0.8 29135768
 0.8 29146300
 0.8 29148936
 0.8 29148936
 0.8 29150252
 0.8 29163424
 0.8 29173956
 0.8 29187128
 0.8 29198980
 0.8 29210832
 0.8 29223628
 0.9 29235480
 0.9 29248652
 0.9 29259184
 0.9 29259184
 0.9 29259184
 0.9 29268404
 0.9 29280184
 0.9 29285452
 0.9 29285452
 0.9 29285452
 0.9 29285452
 0.9 29286768
 0.9 29300596
 0.9 29313768
 0.9 29326864
 0.9 29340036
 0.9 29351820
 0.9 29364988
 0.9 29376840
 0.9 29390012
 0.9 29405896
 0.9 29417748
 0.9 29426964
 0.9 29426964
 0.9 29426964
 0.9 29430916
 0.9 29444340
 0.9 29457592
 0.9 29472076
 0.9 29472076
 0.9 29472076
 0.9 29472076
 0.9 29472076
 0.9 29472076
 0.9 29472076
 0.9 29472076
 0.9 29472076
 0.9 29472076
 0.9 29472076
 0.9 29472076
 0.9 29472076
 0.9 29472076
 0.9 29472076
 0.9 29472076
 0.9 29472076
 0.9 29472076
 0.9 29472076
 0.9 29472076
 0.9 29472076
 0.9 29479320
 0.9 29488540
 1.0 29499076
 1.0 29500392
 1.0 29500392
 1.0 29505660
 1.0 29515616
 1.0 29526812
 1.0 29537344
 1.0 29547880
 1.0 29557096
 1.0 29567632
 1.0 29578168
 1.0 29582120
 1.0 29582120
 1.0 29582120
 1.0 29582120
 1.0 29582120
 1.0 29586068
 1.0 29586068
 1.0 29602628
 1.0 29617112
 1.0 29632916
 1.0 29647404
 1.0 29661888
 1.0 29667264
 1.0 29667264
 1.0 29667264
 1.0 29667264
 1.0 29679116
 1.0 29696236
 1.0 29712040
 1.0 29726528
 1.0 29741012
 1.0 29755500
 1.1 29769912
 1.1 29783084
 1.1 29797568
 1.1 29810740
 1.1 29823908
 1.1 29837076
 1.1 29851564
 1.1 29867552
 1.1 29880720
 1.1 29893892
 1.1 29907060
 1.1 29920228
 1.1 29932080
 1.1 29945252
 1.1 29947884
 1.1 29947884
 1.1 29947884
 1.1 29947884
 1.1 29947884
 1.1 29947884
 1.1 29954468
 1.1 29966320
 1.1 29978460
 1.1 29990312
 1.1 30002164
 1.1 30002164
 1.1 30002164
 1.1 30002164
 1.1 30002164
 1.1 30002164
 1.1 30012700
 1.2 30023236
 1.2 30035088
 1.2 30047884
 1.2 30059736
 1.2 30071588
 1.2 30083444
 1.2 30093976
 1.2 30101880
 1.2 30101880
 1.2 30101880
 1.2 30101880
 1.2 30101880
 1.2 30108464
 1.2 30121564
 1.2 30134072
 1.2 30145924
 1.2 30159024
 1.2 30173508
 1.2 30185364
 1.2 30198532
 1.2 30201100
 1.2 30201100
 1.2 30201100
 1.2 30203072
 1.2 30213608
 1.2 30223568
 1.2 30231468
 1.2 30231468
 1.2 30231468
 1.2 30231468
 1.2 30231468
 1.2 30239368
 1.2 30249904
 1.2 30255172
 1.2 30255172
 1.2 30255172
 1.2 30255172
 1.2 30255172
 1.2 30255172
 1.2 30255172
 1.2 30255172
 1.2 30255172
 1.2 30255172
 1.2 30255172
 1.2 30255172
 1.2 30255172
 1.2 30255172
 1.2 30255172
 1.2 30255172
 1.2 30255172
 1.2 30255172
 1.2 30255172
 1.2 30255172
 1.2 30259124
 1.2 30268344
 1.2 30277560
 1.3 30286860
 1.3 30296336
 1.3 30306868
 1.3 30317404
 1.3 30327940
 1.3 30336580
 1.3 30345800
 1.3 30347776
 1.3 30347776
 1.3 30347776
 1.3 30347776
 1.3 30347776
 1.3 30347776
 1.3 30355020
 1.3 30364236
 1.3 30374772
 1.3 30385308
 1.3 30391956
 1.3 30391956
 1.3 30391956
 1.3 30394588
 1.3 30405124
 1.3 30415684
 1.3 30426220
 1.3 30434120
 1.3 30434120
 1.3 30434120
 1.3 30434120
 1.3 30434120
 1.3 30434120
 1.3 30439388
 1.3 30451244
 1.3 30462464
 1.3 30474320
 1.3 30474320
 1.3 30478268
 1.3 30491440
 1.3 30504608
 1.3 30512508
 1.3 30512508
 1.3 30512508
 1.3 30512508
 1.3 30512508
 1.3 30519752
 1.3 30528972
 1.3 30539612
 1.4 30550148
 1.4 30560684
 1.4 30571220
 1.4 30581756
 1.4 30584388
 1.4 30584388
 1.4 30584388
 1.4 30584388
 1.4 30584388
 1.4 30584388
 1.4 30584388
 1.4 30586364
 1.4 30598216
 1.4 30608752
 1.4 30619288
 1.4 30628508
 1.4 30636336
 1.4 30640288
 1.4 30640288
 1.4 30640288
 1.4 30640288
 1.4 30646872
 1.4 30657408
 1.4 30667944
 1.4 30678480
 1.4 30687696
 1.4 30698232
 1.4 30707708
 1.4 30716928
 1.4 30727360
 1.4 30739212
 1.4 30744480
 1.4 30744480
 1.4 30744480
 1.4 30744480
 1.4 30755012
 1.4 30772136
 1.4 30785304
 1.4 30797156
 1.5 30814276
 1.5 30816908
 1.5 30828764
 1.5 30835664
 1.5 30835664
 1.5 30835664
 1.5 30836984
 1.5 30847516
 1.5 30847516
 1.5 30847516
 1.5 30850152
 1.5 30860688
 1.5 30863320
 1.5 30865956
 1.5 30881100
 1.5 30894928
 1.5 30894928
 1.5 30894928
 1.5 30894928
 1.5 30897560
 1.5 30912704
 1.5 30926532
 1.5 30940648
 1.5 30955132
 1.5 30968232
 1.5 30984036
 1.5 30999836
 1.5 31014324
 1.5 31028740
 1.5 31041908
 1.5 31055076
 1.5 31069564
 1.6 31077464
 1.6 31077464
 1.6 31077464
 1.6 31086616
 1.6 31103736
 1.6 31120280
 1.6 31136340
 1.6 31150328
 1.6 31164812
 1.6 31179300
 1.6 31193788
 1.6 31206956
 1.6 31221440
 1.6 31234612
 1.6 31241856
 1.6 31241856
 1.6 31241856
 1.6 31241856
 1.6 31243828
 1.6 31256996
 1.6 31268848
 1.6 31282016
 1.6 31295188
 1.6 31308452
 1.6 31320304
 1.6 31333472
 1.7 31346644
 1.7 31359812
 1.7 31371664
 1.7 31379672
 1.7 31379672
 1.7 31379672
 1.7 31379672
 1.7 31379672
 1.7 31387576
 1.7 31398112
 1.7 31408648
 1.7 31419180
 1.7 31431036
 1.9 34138532
 2.4 34138532
 3.1 36835496
 2.8 35346008
 3.5 36427352
 3.2 36722264
 2.9 36755032
 2.7 36755032
 3.2 36755032
 3.2 36755032
 3.1 36755032
 3.0 36755032
 2.9 36755032
 2.8 36755032
 2.7 35406548
 2.7 35406548
 2.7 35406548
 2.7 35406548
 2.7 35406548
 2.7 35406548
 2.7 35406548
 2.7 35406548
 2.7 35406548
 2.7 35406548
 2.7 35406548
 2.7 35406548
 2.7 35406548
 2.7 35406548
 2.7 35406548
 2.7 35406548
 2.7 35406548
 2.7 35406548
 2.7 35406548
 2.7 35406548
 2.7 35406548
 2.7 35406548
 2.7 35406548
 2.7 35406548
 2.7 35406548
 2.7 35406548
 2.7 35406548
 2.7 35406548
 2.7 35406548
 2.7 35406548
 2.7 35406548
 2.7 35406548
 2.7 35406548
 2.7 35406548
 2.7 35406548
 2.7 35406548
 2.7 35406548
 2.7 35406548
 2.7 35406548
 2.7 35406548
 2.7 35406548
 2.7 35406548
 2.7 35406548
 2.7 35406548
 2.7 35406548
 2.7 35406548
 2.7 35406548
 2.7 35406548
 2.7 35406548
 2.7 35406548
 2.7 35406548
 2.7 35406548
 2.7 35406548
 2.7 35406548
 2.7 35406548
 2.7 35406548
 2.7 35406548
 2.7 35406548
 2.7 35406548
 2.7 35406548
 2.7 35406548
 2.7 35406548
 2.7 35406548
 2.7 35406548
 2.7 35406548
 2.7 35406548
 2.7 35406548
 2.7 35406548
 2.7 35406548
 2.7 35406548
 2.7 35406548
 2.7 35406548
 2.7 35406548
 2.7 35406548
 2.7 35406548
 2.7 35406548
 2.7 35406548
 2.7 35406548
 2.7 35406548
 2.7 35406548
 2.7 35406548
 2.7 35406548
 2.7 35406548
 2.7 35406548
 2.7 35406548
 2.7 35406548
 2.7 35406548
 2.7 35406548
 2.7 35406548
 2.7 35406548
 2.7 35406548
 2.7 35406548
 2.7 35406548
 2.7 35406548
 2.7 35406548
 2.7 35406548
 2.7 35406548
 2.7 35406548
 2.7 35406548
 2.7 35406548
 2.7 35406548
 2.7 35406548
 2.7 35406548
 2.7 35406548
 2.7 35406548
 2.7 35406548
 2.7 35406548
 2.7 35406548
 2.7 35406548
 2.7 35406548
 2.7 35406548
 2.7 35406548
 2.7 35406548
 2.7 35406548
 2.7 35406548
 2.7 35406548
 2.7 35406548
 2.7 35406548
 2.7 35406548
 2.7 35406548
 2.7 35406548
 2.7 35406548
 2.7 35406548
 2.7 35406548
 2.7 35406548
 2.7 35406548
 2.7 35406548
 2.7 35406548
 2.7 35406548
 2.7 35406548
 2.7 35406548
 2.7 35406548
 2.7 35406548
 2.7 35406548
 2.7 35406548
 2.7 35406548
 2.7 35406548
 2.7 35406548
 2.7 35406548
 2.7 35406548
 2.7 35406548
 2.7 35406548
 2.7 35406548
 2.7 35406548
 2.7 35406548
 2.7 35406548
 2.7 35406548
 2.7 35406548
 2.7 35406548
 2.7 35406548
 2.7 35406548
 2.7 35406548
 2.7 35406548
 2.7 35406548
 2.7 35406548
 2.7 35406548
 2.7 35406548
 2.7 35406548
 2.7 35406548
 2.7 35406548
 2.7 35406548
 2.7 35406548
 2.7 35406548
 2.7 35406548
 2.7 35406548
 2.7 35406548
 2.7 35406548
 2.7 35406548
 2.7 35406548
 2.7 35406548
 2.7 35406548
 2.7 35406548
 2.7 35406548
 2.7 35406548
 2.7 35406548
 2.7 35406548
 2.7 35406548
 2.7 35406548
 2.7 35406548
 2.7 35406548
 2.7 35406548
 2.7 35406548
 2.7 35406548
 2.7 35406548
 2.7 35406548
 2.7 35406548
 2.7 35406548
 2.7 35406548
 2.7 35406548
 2.7 35406548
 2.7 35406548
 2.7 35406548
 2.7 35406548
 2.7 35406548
 2.7 35406548
 2.7 35406548
 2.7 35406548
 2.7 35406548
 2.7 35406548
 2.7 35406548
 2.7 35406548
 2.7 35406548
 2.7 35406548
 2.7 35406548
 2.7 35406548
 2.7 35406548
 2.7 35406548
 2.7 35406548
 2.7 35406548
 2.7 35406548
 2.7 35406548
 2.7 35406548
 2.7 35406548
 2.7 35406548
 2.7 35406548
 2.7 35406548
 2.7 35406548
 2.7 35406548
 2.7 35406548
 2.7 35406548
 2.7 35406548
 2.7 35406548
 2.7 35406548
 2.7 35406548
 2.7 35406548
 2.7 35406548
 2.7 35406548
 2.7 35406548
 2.7 35406548
 2.7 35406548
 2.7 35406548
 2.7 35406548
 2.7 35406548
 2.7 35406548
 2.7 35406548
 2.7 35406548
 2.7 35406548
 2.7 35406548
 2.7 35406548
 2.7 35406548
 2.7 35406548
 2.7 35406548
 2.7 35406548
 2.7 35406548
 2.7 35406548
 2.7 35406548
 2.7 35406548
 2.7 35406548
 2.7 35406548
 2.7 35406548
 2.7 35406548
 2.7 35406548
 2.7 35406548
 2.7 35406548
 2.7 35406548
 2.7 35406548
 2.7 35406548
 2.7 35406548
 2.7 35406548
 2.7 35406548
 2.7 35406548
 2.7 35406548
 2.7 35406548
 2.7 35406548
 2.7 35406548
 2.7 35406548
 2.7 35406548
 2.7 35406548
 2.7 35406548
 2.7 35406548
 2.7 35406548
 2.7 35406548
 2.7 35406548
 2.7 35406548
 2.7 35406548
 2.7 35406548
 2.7 35406548
 2.7 35406548
 2.7 35406548
 2.7 35406548
 2.7 35406548
 2.7 35406548
 2.7 35406548
 2.7 35406548
 2.7 35406548
 2.7 35406548
 2.7 35406548
 2.7 35406548
 2.7 35406548
 2.7 35406548
 2.7 35406548
 2.7 35406548
 2.7 35406548
 2.7 35406548
 2.7 35406548
 2.7 35406548
 2.7 35406548
 2.7 35406548
 2.7 35406548
 2.7 35406548
 2.7 35406548
 2.7 35406548
 2.7 35406548
 2.7 35406548
 2.7 35406548
 2.7 35406548
 2.7 35406548
 2.7 35406548
 2.7 35406548
 2.7 35406548
 2.7 35406548
 2.7 35406548
 2.7 35406548
 2.7 35406548
 2.7 35406548
 2.7 35406548
 2.7 35406548
 2.7 35406548
 2.7 35406548
 2.7 35406548
 2.7 35406548
 2.7 35406548
 2.7 35406548
 2.7 35406548
 2.7 35406548
 2.7 35406548
 2.7 35406548
 2.7 35406548
 2.7 35406548
 2.7 35406548
 2.7 35406548
 2.7 35406548
 2.7 35406548
 2.7 35406548
 2.7 35406548
 2.7 35406548
 2.7 35406548
 2.7 35406548
 2.7 35406548
 2.7 35406548
 2.7 35406548
 2.7 35406548
 2.7 35406548
 2.7 35406548
 2.7 35406548
 2.7 35406548
 2.7 35406548
 2.7 35406548
 2.7 35406548
 2.7 35406548
 2.7 35406548
 2.7 35406548
 2.7 35406548
 2.7 35406548
 2.7 35406548
 2.7 35406548
 2.7 35406548
 2.7 35406548
 2.7 35406548
 2.7 35406548
 2.7 35406548
 2.7 35406804
 2.7 35406804
 2.7 35406804
 2.7 35406804
 2.7 35406804
 2.7 35406804
 2.7 35406804
 2.7 35406804
 2.7 35406804
 2.7 35406804
 2.7 35406804
 2.7 35406804
 2.7 35406804
 2.7 35406804
 2.7 35406804
 2.7 35406804
 2.7 35406804
 2.7 35406804
 2.7 35406804
 2.7 35406804
 2.7 35406804
 2.7 35406804
 2.7 35406804
 2.7 35406804
 2.7 35406804
 2.7 35406804
 2.7 35406804
 2.7 35406804
 2.7 35406804
 2.7 35406804
 2.7 35406804
 2.7 35406804
 2.7 35406804
 2.7 35406804
 2.7 35406804
 2.7 35406804
 2.7 35406804
 2.7 35406804
 2.7 35406804
 2.7 35406804
 2.7 35406804
 2.7 35406804
 2.7 35406804
 2.7 35406804
 2.7 35406804
 2.7 35406804
 2.7 35406804
 2.7 35406804
 2.7 35406804
 2.7 35406804
 2.7 35406804
 2.7 35406804
 2.7 35406804
 2.7 35406804
 2.7 35406804
 2.7 35406804
 2.7 35406804
 2.7 35406804
 2.7 35406804
 2.7 35406804
 2.7 35406804
 2.7 35406804
 2.7 35406804
 2.7 35406804
 2.7 35406804
 2.7 35406804
 2.7 35406804
 2.7 35406804
 2.7 35406804
 2.7 35407060
 2.7 35407060
 2.7 35407060
 2.7 35407060
 2.7 35407060
 2.7 35407060
 2.7 35407060
 2.7 35407060
 2.7 35407060
 2.7 35407060
 2.7 35407060
 2.7 35407060
 2.7 35407060
 2.7 35407060
 2.7 35407060
 2.7 35407060
 2.7 35407060
 2.7 35407060
 2.7 35407060
 2.7 35407060
 2.7 35407060
 2.7 35407060
 2.7 35407060
 2.7 35407060
 2.7 35407060
 2.7 35407060
 2.7 35407060
 2.7 35407060
 2.7 35407060
 2.7 35407060
 2.7 35407060
 2.7 35407060
 2.7 35407060
 2.7 35407060
 2.7 35407060
 2.7 35412388
 2.7 35424900
 2.7 35433460
 2.7 35438728
 2.7 35438728
 2.7 35438728
 2.7 35438728
 2.7 35445312
 2.7 35455188
 2.7 35465724
 2.7 35474284
 2.7 35484160
 2.7 35494696
 2.7 35502596
 2.7 35502596
 2.7 35502596
 2.7 35508524
 2.7 35521692
 2.7 35526304
 2.7 35526304
 2.7 35533544
 2.7 35550664
 3.3 38251580
 4.0 40948544
 4.8 40948544
 3.2 36755544
 3.2 36755544
 3.1 36755544
 3.0 36755544
 2.8 36755544
 3.2 36755544
 3.2 36755544
 3.2 36755544
 3.2 36755544
 2.7 35407060
 2.7 35407060
 2.7 35407060
 2.7 35407060
 2.7 35407060
 2.7 35407060
 2.7 35407060
 2.7 35407060
 2.7 35407060
 2.7 35407060
 2.7 35407060
 2.7 35407060
 2.7 35407060
 2.7 35407060
 2.7 35407060
 2.7 35407060
 2.7 35407060
 2.7 35407060
 2.7 35407060
 2.7 35407060
 2.7 35407060
 2.7 35407060
 2.7 35407060
 2.7 35407060
 2.7 35407060
 2.7 35407060
 2.7 35407060
 2.7 35407060
 2.7 35407060
 2.7 35407060
 2.7 35407060
 2.7 35407060
 2.7 35407060
 2.7 35407060
 2.7 35407060
 2.7 35407060
 2.7 35407060
 2.7 35407060
 2.7 35407060
 2.7 35407060
 2.7 35407060
 2.7 35407060
 2.7 35407060
 2.7 35407060
 2.7 35407060
 2.7 35407060
 2.7 35407060
 2.7 35407060
 2.7 35407060
 2.7 35407060
 2.7 35407060
 2.7 35407060
 2.7 35407060
 2.7 35407060
 2.7 35407060
 2.7 35407060
 2.7 35407060
 2.7 35407060
 2.7 35407060
 2.7 35407060
 2.7 35407060
 2.7 35407060
 2.7 35407060
 2.7 35407060
 2.7 35407060
 2.7 35407060
 2.7 35407060
 2.7 35407060
 2.7 35407060
 2.7 35407060
 2.7 35407060
 2.7 35407060
 2.7 35407060
 2.7 35407060
 2.7 35407060
 2.7 35407060
 2.7 35407060
 2.7 35407060
 2.7 35407060
 2.7 35407060
 2.7 35407060
 2.7 35407060
 2.7 35407060
 2.7 35407060
 2.7 35407060
 2.7 35407060
 2.7 35407060
 2.7 35407060
 2.7 35407060
 2.7 35407060
 2.7 35407060
 2.7 35407060
 2.7 35407060
 2.7 35407060
 2.7 35407060
 2.7 35407060
 2.7 35407060
 2.7 35407060
 2.7 35407060
 2.7 35407060
 2.7 35407060
 2.7 35407060
 2.7 35407060
 2.7 35407060
 2.7 35407060
 2.7 35407060
 2.7 35407060
 2.7 35407060
 2.7 35407060
 2.7 35407060
 2.7 35407060
 2.7 35407060
 2.7 35407060
 2.7 35407060
 2.7 35407060
 2.7 35407060
 2.7 35407060
 2.7 35407060
 2.7 35407060
 2.7 35407060
 2.7 35407060
 2.7 35407060
 2.7 35407060
 2.7 35407060
 2.7 35407060
 2.7 35407060
 2.7 35407060
 2.7 35407060
 2.7 35407060
 2.7 35407060
 2.7 35407060
 2.7 35407060
 2.7 35407060
 2.7 35407060
 2.7 35407060
 2.7 35407060
 2.7 35407060
 2.7 35407060
 2.7 35407060
 2.7 35407060
 2.7 35407060
 2.7 35407060
 2.7 35407060
 2.7 35407060
 2.7 35407060
 2.7 35407060
 2.7 35407060
 2.7 35407060
 2.7 35407060
 2.7 35407060
 2.7 35407060
 2.7 35407060
 2.7 35407060
 2.7 35407060
 2.7 35407060
 2.7 35407060
 2.7 35407060
 2.7 35407060
 2.7 35407060
 2.7 35407060
 2.7 35407060
 2.7 35407060
 2.7 35407060
 2.7 35407060
 2.7 35407060
 2.7 35407060
 2.7 35407060
 2.7 35407060
 2.7 35407060
 2.7 35407060
 2.7 35407060
 2.7 35407060
 2.7 35407060
 2.7 35407060
 2.7 35407060
 2.7 35407060
 2.7 35407060
 2.7 35407060
 2.7 35407060
 2.7 35407060
 2.7 35407060
 2.7 35407060
 2.7 35407060
 2.7 35407060
 2.7 35407060
 2.7 35407060
 2.7 35407060
 2.7 35407060
 2.7 35407060
 2.7 35407060
 2.7 35407060
 2.7 35407060
 2.7 35407060
 2.7 35407060
 2.7 35407060
 2.7 35407060
 2.7 35407060
 2.7 35407060
 2.7 35407060
 2.7 35407060
 2.7 35407060
 2.7 35407060
 2.7 35407060
 2.7 35407060
 2.7 35407060
 2.7 35407060
 2.7 35407060
 2.7 35407060
 2.7 35407060
 2.7 35407060
 2.7 35407060
 2.7 35407060
 2.7 35407060
 2.7 35407060
 2.7 35407060
 2.7 35407060
 2.7 35407060
 2.7 35407060
 2.7 35407060
 2.7 35407060
 2.7 35407060
 2.7 35407060
 2.7 35407060
 2.7 35407060
 2.7 35407060
 2.7 35407060
 2.7 35407060
 2.7 35407060
 2.7 35407060
 2.7 35407060
 2.7 35407060
 2.7 35407060
 2.7 35407060
 2.7 35407060
 2.7 35407060
 2.7 35407060
 2.7 35407060
 2.7 35407060
 2.7 35407060
 2.7 35407060
 2.7 35407060
 2.7 35407060
 2.7 35407060
 2.7 35407060
 2.7 35407060
 2.7 35407060
 2.7 35407060
 2.7 35407060
 2.7 35407060
 2.7 35407060
 2.7 35407060
 2.7 35407060
 2.7 35407060
 2.7 35407060
 2.7 35407060
 2.7 35407060
 2.7 35407060
 2.7 35407060
 2.7 35407060
 2.7 35407060
 2.7 35407060
 2.7 35407060
 2.7 35407060
 2.7 35407060
 2.7 35407060
 2.7 35407060
 2.7 35407060
 2.7 35407060
 2.7 35407060
 2.7 35407060
 2.7 35407060
 2.7 35407060
 2.7 35407060
 2.7 35407060
 2.7 35407060
 2.7 35407060
 2.7 35407060
 2.7 35407060
 2.7 35407060
 2.7 35407060
 2.7 35407060
 2.7 35407060
 2.7 35407060
 2.7 35407060
 2.7 35407060
 2.7 35407060
 2.7 35407060
 2.7 35407060
 2.7 35407060
 2.7 35407060
 2.7 35407060
 2.7 35407060
 2.7 35407060
 2.7 35407060
 2.7 35407060
 2.7 35407060
 2.7 35407060
 2.7 35407060
 2.7 35407060
 2.7 35407060
 2.7 35407060
 2.7 35407060
 2.7 35407060
 2.7 35407060
 2.7 35407060
 2.7 35407060
 2.7 35407060
 2.7 35407060
 2.7 35407060
 2.7 35407060
 2.7 35407060
 2.7 35407060
 2.7 35407060
 2.7 35407060
 2.7 35407060
 2.7 35407060
 2.7 35407060
 2.7 35407060
 2.7 35407060
 2.7 35407060
 2.7 35407060
 2.7 35407060
 2.7 35407060
 2.7 35407060
 2.7 35407060
 2.7 35407060
 2.7 35407060
 2.7 35407060
 2.7 35407060
 2.7 35407060
 2.7 35407060
 2.7 35407060
 2.7 35407060
 2.7 35407060
 2.7 35407060
 2.7 35407060
 2.7 35407060
 2.7 35407060
 2.7 35407060
 2.7 35407060
 2.7 35407060
 2.7 35407060
 2.7 35407060
 2.7 35407060
 2.7 35407060
 2.7 35407060
 2.7 35407060
 2.7 35407060
 2.7 35407060
 2.7 35407060
 2.7 35407060
 2.7 35407060
 2.7 35407060
 2.7 35407060
 2.7 35407060
 2.7 35407060
 2.7 35407060
 2.7 35407060
 2.7 35407060
 2.7 35407060
 2.7 35407060
 2.7 35407060
 2.7 35407060
 2.7 35407060
 2.7 35407060
 2.7 35407060
 2.7 35407060
 2.7 35407060
 2.7 35407060
 2.7 35407060
 2.7 35407060
 2.7 35407060
 2.7 35407060
 2.7 35407060
 2.7 35407060
 2.7 35407060
 2.7 35407060
 2.7 35407060
 2.7 35407060
 2.7 35407060
 2.7 35407060
 2.7 35407060
 2.7 35407060
 2.7 35407060
 2.7 35407060
 2.7 35407060
 2.7 35407060
 2.7 35407060
 2.7 35407060
 2.7 35407060
 2.7 35407060
 2.7 35407060
 2.7 35407060
 2.7 35407060
 2.7 35407060
 2.7 35407060
 2.7 35407060
 2.7 35407060
 2.7 35407060
 2.7 35407060
 2.7 35407060
 2.7 35407060
 2.7 35407060
 2.7 35407060
 2.7 35407060
 2.7 35407060
 2.7 35407060
 2.7 35407060
 2.7 35407060
 2.7 35416340
 2.7 35434776
 2.7 35453212
 2.7 35470332
 2.7 35487452
 2.7 35505892
 2.7 35524328
 2.7 35546716
 3.3 38251580
 4.0 40948544
 4.7 40948544
 3.2 36755544
 3.2 36755544
 3.0 36755544
 2.9 36755544
 2.7 36755544
 3.2 36755544
 3.2 36755544
 3.2 36755544
 3.1 36755544
 2.7 35407060
 2.7 35407060
 2.7 35407060
 2.7 35407060
 2.7 35407060
 2.7 35407060
 2.7 35407060
 2.7 35407060
 2.7 35407060
 2.7 35407060
 2.7 35407060
 2.7 35407060
 2.7 35407060
 2.7 35407060
 2.7 35407060
 2.7 35407060
 2.7 35407060
 2.7 35407060
 2.7 35407060
 2.7 35407060
 2.7 35407060
 2.7 35407060
 2.7 35407060
 2.7 35407060
 2.7 35407060
 2.7 35407060
 2.7 35407060
 2.7 35407060
 2.7 35407060
 2.7 35407060
 2.7 35407060
 2.7 35407060
 2.7 35407060
 2.7 35407060
 2.7 35407060
 2.7 35407060
 2.7 35407060
 2.7 35407060
 2.7 35407060
 2.7 35407060
 2.7 35407060
 2.7 35407060
 2.7 35407060
 2.7 35407060
 2.7 35407060
 2.7 35407060
 2.7 35407060
 2.7 35407060
 2.7 35407060
 2.7 35407060
 2.7 35407060
 2.7 35407060
 2.7 35407060
 2.7 35407060
 2.7 35407060
 2.7 35407060
 2.7 35407060
 2.7 35407060
 2.7 35407060
 2.7 35407060
 2.7 35407060
 2.7 35407060
 2.7 35407060
 2.7 35407060
 2.7 35407060
 2.7 35407060
 2.7 35407060
 2.7 35407060
 2.7 35407060
 2.7 35407060
 2.7 35407060
 2.7 35407060
 2.7 35407060
 2.7 35407060
 2.7 35407060
 2.7 35407060
 2.7 35407060
 2.7 35407060
 2.7 35407060
 2.7 35407060
 2.7 35407060
 2.7 35407060
 2.7 35407060
 2.7 35407060
 2.7 35407060
 2.7 35407060
 2.7 35407060
 2.7 35407060
 2.7 35407060
 2.7 35407060
 2.7 35407060
 2.7 35407060
 2.7 35407060
 2.7 35407060
 2.7 35407060
 2.7 35407060
 2.7 35407060
 2.7 35407060
 2.7 35407060
 2.7 35407060
 2.7 35407060
 2.7 35407060
 2.7 35407060
 2.7 35407060
 2.7 35407060
 2.7 35407060
 2.7 35407060
 2.7 35407060
 2.7 35407060
 2.7 35407060
 2.7 35407060
 2.7 35407060
 2.7 35407060
 2.7 35407060
 2.7 35407060
 2.7 35407060
 2.7 35407060
 2.7 35407060
 2.7 35407060
 2.7 35407060
 2.7 35407060
 2.7 35407060
 2.7 35407060
 2.7 35407060
 2.7 35407060
 2.7 35407060
 2.7 35407060
 2.7 35407060
 2.7 35407060
 2.7 35407060
 2.7 35407060
 2.7 35407060
 2.7 35407060
 2.7 35407060
 2.7 35407060
 2.7 35407060
 2.7 35407060
 2.7 35407060
 2.7 35407060
 2.7 35407060
 2.7 35407060
 2.7 35407060
 2.7 35407060
 2.7 35407060
 2.7 35407060
 2.7 35407060
 2.7 35407060
 2.7 35407060
 2.7 35407060
 2.7 35407060
 2.7 35407060
 2.7 35407060
 2.7 35407060
 2.7 35407060
 2.7 35407060
 2.7 35407060
 2.7 35407060
 2.7 35407060
 2.7 35407060
 2.7 35407060
 2.7 35407060
 2.7 35407060
 2.7 35407060
 2.7 35407060
 2.7 35407060
 2.7 35407060
 2.7 35407060
 2.7 35407060
 2.7 35407060
 2.7 35407060
 2.7 35407060
 2.7 35407060
 2.7 35407060
 2.7 35407060
 2.7 35407060
 2.7 35407060
 2.7 35407060
 2.7 35407060
 2.7 35407060
 2.7 35407060
 2.7 35407060
 2.7 35407060
 2.7 35407060
 2.7 35407060
 2.7 35407060
 2.7 35407060
 2.7 35407060
 2.7 35407060
 2.7 35407060
 2.7 35407060
 2.7 35407060
 2.7 35407060
 2.7 35407060
 2.7 35407060
 2.7 35407060
 2.7 35407060
 2.7 35407060
 2.7 35407060
 2.7 35407060
 2.7 35407060
 2.7 35407060
 2.7 35407060
 2.7 35407060
 2.7 35407060
 2.7 35407060
 2.7 35407060
 2.7 35407060
 2.7 35407060
 2.7 35407060
 2.7 35407060
 2.7 35407060
 2.7 35407060
 2.7 35407060
 2.7 35407060
 2.7 35407060
 2.7 35407060
 2.7 35407060
 2.7 35407060
 2.7 35407060
 2.7 35407060
 2.7 35407060
 2.7 35407060
 2.7 35407060
 2.7 35407060
 2.7 35407060
 2.7 35407060
 2.7 35407060
 2.7 35407060
 2.7 35407060
 2.7 35407060
 2.7 35407060
 2.7 35407060
 2.7 35407060
 2.7 35407060
 2.7 35407060
 2.7 35407060
 2.7 35407060
 2.7 35407060
 2.7 35407060
 2.7 35407060
 2.7 35407060
 2.7 35407060
 2.7 35407060
 2.7 35407060
 2.7 35407060
 2.7 35407060
 2.7 35407060
 2.7 35407060
 2.7 35407060
 2.7 35407060
 2.7 35407060
 2.7 35407060
 2.7 35407060
 2.7 35407060
 2.7 35407060
 2.7 35407060
 2.7 35407060
 2.7 35407060
 2.7 35407060
 2.7 35407060
 2.7 35407060
 2.7 35407060
 2.7 35407060
 2.7 35407060
 2.7 35407060
 2.7 35407060
 2.7 35407060
 2.7 35407060
 2.7 35407060
 2.7 35407060
 2.7 35407060
 2.7 35407060
 2.7 35407060
 2.7 35407060
 2.7 35407060
 2.7 35407060
 2.7 35407060
 2.7 35407060
 2.7 35407060
 2.7 35407060
 2.7 35407060
 2.7 35407060
 2.7 35407060
 2.7 35407060
 2.7 35407060
 2.7 35407060
 2.7 35407060
 2.7 35407060
 2.7 35407060
 2.7 35407060
 2.7 35407060
 2.7 35407060
 2.7 35407060
 2.7 35407060
 2.7 35407060
 2.7 35407060
 2.7 35407060
 2.7 35407060
 2.7 35407060
 2.7 35407060
 2.7 35407060
 2.7 35407060
 2.7 35407060
 2.7 35407060
 2.7 35407060
 2.7 35407060
 2.7 35407060
 2.7 35407060
 2.7 35407060
 2.7 35407060
 2.7 35407060
 2.7 35407060
 2.7 35407060
 2.7 35407060
 2.7 35407060
 2.7 35407060
 2.7 35407060
 2.7 35407060
 2.7 35407060
 2.7 35407060
 2.7 35407060
 2.7 35407060
 2.7 35407060
 2.7 35407060
 2.7 35407060
 2.7 35407060
 2.7 35407060
 2.7 35407060
 2.7 35407060
 2.7 35407060
 2.7 35407060
 2.7 35407060
 2.7 35407060
 2.7 35407060
 2.7 35407060
 2.7 35407060
 2.7 35407060
 2.7 35407060
 2.7 35407060
 2.7 35407060
 2.7 35407060
 2.7 35407060
 2.7 35407060
 2.7 35407060
 2.7 35407060
 2.7 35407060
 2.7 35407060
 2.7 35407060
 2.7 35407060
 2.7 35407060
 2.7 35407060
 2.7 35407060
 2.7 35407060
 2.7 35407060
 2.7 35407060
 2.7 35407060
 2.7 35407060
 2.7 35407060
 2.7 35407060
 2.7 35407060
 2.7 35407060
 2.7 35407060
 2.7 35407060
 2.7 35407060
 2.7 35407060
 2.7 35407060
 2.7 35407060
 2.7 35407060
 2.7 35407060
 2.7 35407060
 2.7 35407060
 2.7 35407060
 2.7 35407060
 2.7 35407060
 2.7 35407060
 2.7 35407060
 2.7 35407060
 2.7 35407060
 2.7 35407060
 2.7 35407060
 2.7 35407060
 2.7 35407060
 2.7 35407060
 2.7 35407060
 2.7 35407060
 2.7 35407060
 2.7 35407060
 2.7 35407060
 2.7 35407060
 2.7 35407060
 2.7 35407060
 2.7 35407060
 2.7 35407060
 2.7 35407060
 2.7 35407060
 2.7 35407060
 2.7 35407060
 2.7 35422924
 2.7 35437408
 2.7 35451896
 2.7 35467700
 2.7 35476916
 2.7 35476916
 2.7 35483504
 2.7 35484820
 2.7 35484820
 2.7 35484820
 2.7 35484820
 2.7 35484820
 2.7 35484820
 2.7 35484820
 2.7 35484820
 2.7 35484820
 2.7 35484820
 2.7 35484820
 2.7 35484820
 2.7 35484820
 2.7 35484820
 2.7 35484820
 2.7 35484820
 2.7 35484820
 2.7 35484820
 2.7 35484820
 2.7 35494036
 2.7 35504572
 2.7 35515108
 2.7 35525644
 2.7 35534864
 2.7 35534864
 2.7 35534864
 2.7 35534864
 2.7 35536840
 2.7 35548032
 3.2 38251580
 3.9 40948544
 4.7 40948544
 3.2 36755544
 3.1 36755544
 3.0 36755544
 2.8 36755544
 2.7 36755544
 3.2 36755544
 3.2 36755544
 3.2 36755544
 3.1 36755544
 2.7 35407060
 2.7 35407060
 2.7 35407060
 2.7 35407060
 2.7 35407060
 2.7 35407060
 2.7 35407060
 2.7 35407060
 2.7 35407060
 2.7 35407060
 2.7 35407060
 2.7 35407060
 2.7 35407060
 2.7 35407060
 2.7 35407060
 2.7 35407060
 2.7 35407060
 2.7 35407060
 2.7 35407060
 2.7 35407060
 2.7 35407060
 2.7 35407060
 2.7 35407060
 2.7 35407060
 2.7 35407060
 2.7 35407060
 2.7 35407060
 2.7 35407060
 2.7 35407060
 2.7 35407060
 2.7 35407060
 2.7 35407060
 2.7 35407060
 2.7 35407060
 2.7 35407060
 2.7 35407060
 2.7 35407060
 2.7 35407060
 2.7 35407060
 2.7 35407060
 2.7 35407060
 2.7 35407060
 2.7 35407060
 2.7 35407060
 2.7 35407060
 2.7 35407060
 2.7 35407060
 2.7 35407060
 2.7 35407060
 2.7 35407060
 2.7 35407060
 2.7 35407060
 2.7 35407060
 2.7 35407060
 2.7 35407060
 2.7 35407060
 2.7 35407060
 2.7 35407060
 2.7 35407060
 2.7 35407060
 2.7 35407060
 2.7 35407060
 2.7 35407060
 2.7 35407060
 2.7 35407060
 2.7 35407060
 2.7 35407060
 2.7 35407060
 2.7 35407060
 2.7 35407060
 2.7 35407060
 2.7 35407060
 2.7 35407060
 2.7 35407060
 2.7 35407060
 2.7 35407060
 2.7 35407060
 2.7 35407060
 2.7 35407060
 2.7 35407060
 2.7 35407060
 2.7 35407060
 2.7 35407060
 2.7 35407060
 2.7 35407060
 2.7 35407060
 2.7 35407060
 2.7 35407060
 2.7 35407060
 2.7 35407060
 2.7 35407060
 2.7 35407060
 2.7 35407060
 2.7 35407060
 2.7 35407060
 2.7 35407060
 2.7 35407060
 2.7 35407060
 2.7 35407060
 2.7 35407060
 2.7 35407060
 2.7 35407060
 2.7 35407060
 2.7 35407060
 2.7 35407060
 2.7 35407060
 2.7 35407060
 2.7 35407060
 2.7 35407060
 2.7 35407060
 2.7 35407060
 2.7 35407060
 2.7 35407060
 2.7 35407060
 2.7 35407060
 2.7 35407060
 2.7 35407060
 2.7 35407060
 2.7 35407060
 2.7 35407060
 2.7 35407060
 2.7 35407060
 2.7 35407060
 2.7 35407060
 2.7 35407060
 2.7 35407060
 2.7 35407060
 2.7 35407060
 2.7 35407060
 2.7 35407060
 2.7 35407060
 2.7 35407060
 2.7 35407060
 2.7 35407060
 2.7 35407060
 2.7 35407060
 2.7 35407060
 2.7 35407060
 2.7 35407060
 2.7 35407060
 2.7 35407060
 2.7 35407060
 2.7 35407060
 2.7 35407060
 2.7 35407060
 2.7 35407060
 2.7 35407060
 2.7 35407060
 2.7 35407060
 2.7 35407060
 2.7 35407060
 2.7 35407060
 2.7 35407060
 2.7 35407060
 2.7 35407060
 2.7 35407060
 2.7 35407060
 2.7 35407060
 2.7 35407060
 2.7 35407060
 2.7 35407060
 2.7 35407060
 2.7 35407060
 2.7 35407060
 2.7 35407060
 2.7 35407060
 2.7 35407060
 2.7 35407060
 2.7 35407060
 2.7 35407060
 2.7 35407060
 2.7 35407060
 2.7 35407060
 2.7 35407060
 2.7 35407060
 2.7 35407060
 2.7 35407060
 2.7 35407060
 2.7 35407060
 2.7 35407060
 2.7 35407060
 2.7 35407060
 2.7 35407060
 2.7 35407060
 2.7 35407060
 2.7 35407060
 2.7 35407060
 2.7 35407060
 2.7 35407060
 2.7 35407060
 2.7 35407060
 2.7 35407060
 2.7 35407060
 2.7 35407060
 2.7 35407060
 2.7 35407060
 2.7 35407060
 2.7 35407060
 2.7 35407060
 2.7 35407060
 2.7 35407060
 2.7 35407060
 2.7 35407060
 2.7 35407060
 2.7 35407060
 2.7 35407060
 2.7 35407060
 2.7 35407060
 2.7 35407060
 2.7 35407060
 2.7 35407060
 2.7 35407060
 2.7 35407060
 2.7 35407060
 2.7 35407060
 2.7 35407060
 2.7 35407060
 2.7 35407060
 2.7 35407060
 2.7 35407060
 2.7 35407060
 2.7 35407060
 2.7 35407060
 2.7 35407060
 2.7 35407060
 2.7 35407060
 2.7 35407060
 2.7 35407060
 2.7 35407060
 2.7 35407060
 2.7 35407060
 2.7 35407060
 2.7 35407060
 2.7 35407060
 2.7 35407060
 2.7 35407060
 2.7 35407060
 2.7 35407060
 2.7 35407060
 2.7 35407060
 2.7 35407060
 2.7 35407060
 2.7 35407060
 2.7 35407060
 2.7 35407060
 2.7 35407060
 2.7 35407060
 2.7 35407060
 2.7 35407060
 2.7 35407060
 2.7 35407060
 2.7 35407060
 2.7 35407060
 2.7 35407060
 2.7 35407060
 2.7 35407060
 2.7 35407060
 2.7 35407060
 2.7 35407060
 2.7 35407060
 2.7 35407060
 2.7 35407060
 2.7 35407060
 2.7 35407060
 2.7 35407060
 2.7 35407060
 2.7 35407060
 2.7 35407060
 2.7 35407060
 2.7 35407060
 2.7 35407060
 2.7 35407060
 2.7 35407060
 2.7 35407060
 2.7 35407060
 2.7 35407060
 2.7 35407060
 2.7 35407060
 2.7 35407060
 2.7 35407060
 2.7 35407060
 2.7 35407060
 2.7 35407060
 2.7 35407060
 2.7 35407060
 2.7 35407060
 2.7 35407060
 2.7 35407060
 2.7 35407060
 2.7 35407060
 2.7 35407060
 2.7 35407060
 2.7 35407060
 2.7 35407060
 2.7 35407060
 2.7 35407060
 2.7 35407060
 2.7 35407060
 2.7 35407060
 2.7 35407060
 2.7 35407060
 2.7 35407060
 2.7 35407060
 2.7 35407060
 2.7 35407060
 2.7 35407060
 2.7 35407060
 2.7 35407060
 2.7 35407060
 2.7 35407060
 2.7 35407060
 2.7 35407060
 2.7 35407060
 2.7 35407060
 2.7 35407060
 2.7 35407060
 2.7 35407060
 2.7 35407060
 2.7 35407060
 2.7 35407060
 2.7 35407060
 2.7 35407060
 2.7 35407060
 2.7 35407060
 2.7 35407060
 2.7 35407060
 2.7 35407060
 2.7 35407060
 2.7 35407060
 2.7 35407060
 2.7 35407060
 2.7 35407060
 2.7 35407060
 2.7 35407060
 2.7 35407060
 2.7 35407060
 2.7 35407060
 2.7 35407060
 2.7 35407060
 2.7 35407060
 2.7 35407060
 2.7 35407060
 2.7 35407060
 2.7 35407060
 2.7 35407060
 2.7 35407060
 2.7 35407060
 2.7 35407060
 2.7 35407060
 2.7 35407060
 2.7 35407060
 2.7 35407060
 2.7 35407060
 2.7 35407060
 2.7 35407060
 2.7 35407060
 2.7 35407060
 2.7 35407060
 2.7 35407060
 2.7 35407060
 2.7 35407060
 2.7 35407060
 2.7 35407060
 2.7 35407060
 2.7 35407060
 2.7 35407060
 2.7 35407060
 2.7 35407060
 2.7 35407060
 2.7 35407060
 2.7 35407060
 2.7 35407060
 2.7 35407060
 2.7 35407060
 2.7 35407060
 2.7 35407060
 2.7 35407060
 2.7 35407060
 2.7 35407060
 2.7 35407060
 2.7 35407060
 2.7 35407060
 2.7 35407060
 2.7 35407060
 2.7 35407060
 2.7 35407060
 2.7 35407060
 2.7 35407060
 2.7 35407060
 2.7 35407060
 2.7 35407060
 2.7 35408376
 2.7 35417656
 2.7 35429508
 2.7 35442676
 2.7 35454528
 2.7 35465064
 2.7 35475600
 2.7 35476916
 2.7 35476916
 2.7 35476916
 2.7 35476916
 2.7 35476916
 2.7 35476916
 2.7 35476916
 2.7 35476916
 2.7 35476916
 2.7 35476916
 2.7 35476916
 2.7 35481528
 2.7 35484160
 2.7 35484160
 2.7 35484160
 2.7 35484160
 2.7 35487452
 2.7 35499964
 2.7 35510500
 2.7 35521036
 2.7 35531572
 2.7 35542764
 2.9 38252240
 3.7 38252240
 4.4 40949204
 3.1 36755544
 2.9 36755544
 2.7 36755544
 3.2 36755544
 3.2 36755544
 3.2 36755544
 3.1 36755544
 2.9 36755544
 2.8 36755544
 2.7 35407060
 2.7 35407060
 2.7 35407060
 2.7 35407060
 2.7 35407060
 2.7 35407060
 2.7 35407060
 2.7 35407060
 2.7 35407060
 2.7 35407060
 2.7 35407060
 2.7 35407060
 2.7 35407060
 2.7 35407060
 2.7 35407060
 2.7 35407060
 2.7 35407060
 2.7 35407060
 2.7 35407060
 2.7 35407060
 2.7 35407060
 2.7 35407060
 2.7 35407060
 2.7 35407060
 2.7 35407060
 2.7 35407060
 2.7 35407060
 2.7 35407060
 2.7 35407060
 2.7 35407060
 2.7 35407060
 2.7 35407060
 2.7 35407060
 2.7 35407060
 2.7 35407060
 2.7 35407060
 2.7 35407060
 2.7 35407060
 2.7 35407060
 2.7 35407060
 2.7 35407060
 2.7 35407060
 2.7 35407060
 2.7 35407060
 2.7 35407060
 2.7 35407060
 2.7 35407060
 2.7 35407060
 2.7 35407060
 2.7 35407060
 2.7 35407060
 2.7 35407060
 2.7 35407060
 2.7 35407060
 2.7 35407060
 2.7 35407060
 2.7 35407060
 2.7 35407060
 2.7 35407060
 2.7 35407060
 2.7 35407060
 2.7 35407060
 2.7 35407060
 2.7 35407060
 2.7 35407060
 2.7 35407060
 2.7 35407060
 2.7 35407060
 2.7 35407060
 2.7 35407060
 2.7 35407060
 2.7 35407060
 2.7 35407060
 2.7 35407060
 2.7 35407060
 2.7 35407060
 2.7 35407060
 2.7 35407060
 2.7 35407060
 2.7 35407060
 2.7 35407060
 2.7 35407060
 2.7 35407060
 2.7 35407060
 2.7 35407060
 2.7 35407060
 2.7 35407060
 2.7 35407060
 2.7 35407060
 2.7 35407060
 2.7 35407060
 2.7 35407060
 2.7 35407060
 2.7 35407060
 2.7 35407060
 2.7 35407060
 2.7 35407060
 2.7 35407060
 2.7 35407060
 2.7 35407060
 2.7 35407060
 2.7 35407060
 2.7 35407060
 2.7 35407060
 2.7 35407060
 2.7 35407060
 2.7 35407060
 2.7 35407060
 2.7 35407060
 2.7 35407060
 2.7 35407060
 2.7 35407060
 2.7 35407060
 2.7 35407060
 2.7 35407060
 2.7 35407060
 2.7 35407060
 2.7 35407060
 2.7 35407060
 2.7 35407060
 2.7 35407060
 2.7 35407060
 2.7 35407060
 2.7 35407060
 2.7 35407060
 2.7 35407060
 2.7 35407060
 2.7 35407060
 2.7 35407060
 2.7 35407060
 2.7 35407060
 2.7 35407060
 2.7 35407060
 2.7 35407060
 2.7 35407060
 2.7 35407060
 2.7 35407060
 2.7 35407060
 2.7 35407060
 2.7 35407060
 2.7 35407060
 2.7 35407060
 2.7 35407060
 2.7 35407060
 2.7 35407060
 2.7 35407060
 2.7 35407060
 2.7 35407060
 2.7 35407060
 2.7 35407060
 2.7 35407060
 2.7 35407060
 2.7 35407060
 2.7 35407060
 2.7 35407060
 2.7 35407060
 2.7 35407060
 2.7 35407060
 2.7 35407060
 2.7 35407060
 2.7 35407060
 2.7 35407060
 2.7 35407060
 2.7 35407060
 2.7 35407060
 2.7 35407060
 2.7 35407060
 2.7 35407060
 2.7 35407060
 2.7 35407060
 2.7 35407060
 2.7 35407060
 2.7 35407060
 2.7 35407060
 2.7 35407060
 2.7 35407060
 2.7 35407060
 2.7 35407060
 2.7 35407060
 2.7 35407060
 2.7 35407060
 2.7 35407060
 2.7 35407060
 2.7 35407060
 2.7 35407060
 2.7 35407060
 2.7 35407060
 2.7 35407060
 2.7 35407060
 2.7 35407060
 2.7 35407060
 2.7 35407060
 2.7 35407060
 2.7 35407060
 2.7 35407060
 2.7 35407060
 2.7 35407060
 2.7 35407060
 2.7 35407060
 2.7 35407060
 2.7 35407060
 2.7 35407060
 2.7 35407060
 2.7 35407060
 2.7 35407060
 2.7 35407060
 2.7 35407060
 2.7 35407060
 2.7 35407060
 2.7 35407060
 2.7 35407060
 2.7 35407060
 2.7 35407060
 2.7 35407060
 2.7 35407060
 2.7 35407060
 2.7 35407060
 2.7 35407060
 2.7 35407060
 2.7 35407060
 2.7 35407060
 2.7 35407060
 2.7 35407060
 2.7 35407060
 2.7 35407060
 2.7 35407060
 2.7 35407060
 2.7 35407060
 2.7 35407060
 2.7 35407060
 2.7 35407060
 2.7 35407060
 2.7 35407060
 2.7 35407060
 2.7 35407060
 2.7 35407060
 2.7 35407060
 2.7 35407060
 2.7 35407060
 2.7 35407060
 2.7 35407060
 2.7 35407060
 2.7 35407060
 2.7 35407060
 2.7 35407060
 2.7 35407060
 2.7 35407060
 2.7 35407060
 2.7 35407060
 2.7 35407060
 2.7 35407060
 2.7 35407060
 2.7 35407060
 2.7 35407060
 2.7 35407060
 2.7 35407060
 2.7 35407060
 2.7 35407060
 2.7 35407060
 2.7 35407060
 2.7 35407060
 2.7 35407060
 2.7 35407060
 2.7 35407060
 2.7 35407060
 2.7 35407060
 2.7 35407060
 2.7 35407060
 2.7 35407060
 2.7 35407060
 2.7 35407060
 2.7 35407060
 2.7 35407060
 2.7 35407060
 2.7 35407060
 2.7 35407060
 2.7 35407060
 2.7 35407060
 2.7 35407060
 2.7 35407060
 2.7 35407060
 2.7 35407060
 2.7 35407060
 2.7 35407060
 2.7 35407060
 2.7 35407060
 2.7 35407060
 2.7 35407060
 2.7 35407060
 2.7 35407060
 2.7 35407060
 2.7 35407060
 2.7 35407060
 2.7 35407060
 2.7 35407060
 2.7 35407060
 2.7 35407060
 2.7 35407060
 2.7 35407060
 2.7 35407060
 2.7 35407060
 2.7 35407060
 2.7 35407060
 2.7 35407060
 2.7 35407060
 2.7 35407060
 2.7 35407060
 2.7 35407060
 2.7 35407060
 2.7 35407060
 2.7 35407060
 2.7 35407060
 2.7 35407060
 2.7 35407060
 2.7 35407060
 2.7 35407060
 2.7 35407060
 2.7 35407060
 2.7 35407060
 2.7 35407060
 2.7 35407060
 2.7 35407060
 2.7 35407060
 2.7 35407060
 2.7 35407060
 2.7 35407060
 2.7 35407060
 2.7 35407060
 2.7 35407060
 2.7 35407060
 2.7 35407060
 2.7 35407060
 2.7 35407060
 2.7 35407060
 2.7 35407060
 2.7 35407060
 2.7 35407060
 2.7 35407060
 2.7 35407060
 2.7 35407060
 2.7 35407060
 2.7 35407060
 2.7 35407060
 2.7 35407060
 2.7 35407060
 2.7 35407060
 2.7 35407060
 2.7 35407060
 2.7 35407060
 2.7 35407060
 2.7 35407060
 2.7 35407060
 2.7 35407060
 2.7 35407060
 2.7 35407060
 2.7 35407060
 2.7 35407060
 2.7 35407060
 2.7 35407060
 2.7 35407060
 2.7 35407060
 2.7 35407060
 2.7 35407060
 2.7 35407060
 2.7 35407060
 2.7 35407060
 2.7 35407060
 2.7 35407060
 2.7 35407060
 2.7 35407060
 2.7 35412388
 2.7 35427532
 2.7 35440700
 2.7 35456504
 2.7 35457164
 2.7 35457164
 2.7 35457164
 2.7 35457164
 2.7 35457164
 2.7 35457164
 2.7 35457164
 2.7 35467700
 2.7 35478236
 2.7 35488768
 2.7 35499304
 2.7 35509840
 2.7 35522352
 2.7 35533544
 2.7 35546716
 3.1 38251580
 3.8 40948544
 4.6 40948544
 3.2 36755544
 3.0 36755544
 2.9 36755544
 2.7 36755544
 3.2 36755544
 3.2 36755544
 3.2 36755544
 3.2 36755544
 3.2 36755544
 2.7 35407060
 2.7 35407060
 2.7 35407060
 2.7 35407060
 2.7 35407060
 2.7 35407060
 2.7 35407060
 2.7 35407060
 2.7 35407060
 2.7 35407060
 2.7 35407060
 2.7 35407060
 2.7 35407060
 2.7 35407060
 2.7 35407060
 2.7 35407060
 2.7 35407060
 2.7 35407060
 2.7 35407060
 2.7 35407060
 2.7 35407060
 2.7 35407060
 2.7 35407060
 2.7 35407060
 2.7 35407060
 2.7 35407060
 2.7 35407060
 2.7 35407060
 2.7 35407060
 2.7 35407060
 2.7 35407060
 2.7 35407060
 2.7 35407060
 2.7 35407060
 2.7 35407060
 2.7 35407060
 2.7 35407060
 2.7 35407060
 2.7 35407060
 2.7 35407060
 2.7 35407060
 2.7 35407060
 2.7 35407060
 2.7 35407060
 2.7 35407060
 2.7 35407060
 2.7 35407060
 2.7 35407060
 2.7 35407060
 2.7 35407060
 2.7 35407060
 2.7 35407060
 2.7 35407060
 2.7 35407060
 2.7 35407060
 2.7 35407060
 2.7 35407060
 2.7 35407060
 2.7 35407060
 2.7 35407060
 2.7 35407060
 2.7 35407060
 2.7 35407060
 2.7 35407060
 2.7 35407060
 2.7 35407060
 2.7 35407060
 2.7 35407060
 2.7 35407060
 2.7 35407060
 2.7 35407060
 2.7 35407060
 2.7 35407060
 2.7 35407060
 2.7 35407060
 2.7 35407060
 2.7 35407060
 2.7 35407060
 2.7 35407060
 2.7 35407060
 2.7 35407060
 2.7 35407060
 2.7 35407060
 2.7 35407060
 2.7 35407060
 2.7 35407060
 2.7 35407060
 2.7 35407060
 2.7 35407060
 2.7 35407060
 2.7 35407060
 2.7 35407060
 2.7 35407060
 2.7 35407060
 2.7 35407060
 2.7 35407060
 2.7 35407060
 2.7 35407060
 2.7 35407060
 2.7 35407060
 2.7 35407060
 2.7 35407060
 2.7 35407060
 2.7 35407060
 2.7 35407060
 2.7 35407060
 2.7 35407060
 2.7 35407060
 2.7 35407060
 2.7 35407060
 2.7 35407060
 2.7 35407060
 2.7 35407060
 2.7 35407060
 2.7 35407060
 2.7 35407060
 2.7 35407060
 2.7 35407060
 2.7 35407060
 2.7 35407060
 2.7 35407060
 2.7 35407060
 2.7 35407060
 2.7 35407060
 2.7 35407060
 2.7 35407060
 2.7 35407060
 2.7 35407060
 2.7 35407060
 2.7 35407060
 2.7 35407060
 2.7 35407060
 2.7 35407060
 2.7 35407060
 2.7 35407060
 2.7 35407060
 2.7 35407060
 2.7 35407060
 2.7 35407060
 2.7 35407060
 2.7 35407060
 2.7 35407060
 2.7 35407060
 2.7 35407060
 2.7 35407060
 2.7 35407060
 2.7 35407060
 2.7 35407060
 2.7 35407060
 2.7 35407060
 2.7 35407060
 2.7 35407060
 2.7 35407060
 2.7 35407060
 2.7 35407060
 2.7 35407060
 2.7 35407060
 2.7 35407060
 2.7 35407060
 2.7 35407060
 2.7 35407060
 2.7 35407060
 2.7 35407060
 2.7 35407060
 2.7 35407060
 2.7 35407060
 2.7 35407060
 2.7 35407060
 2.7 35407060
 2.7 35407060
 2.7 35407060
 2.7 35407060
 2.7 35407060
 2.7 35407060
 2.7 35407060
 2.7 35407060
 2.7 35407060
 2.7 35407060
 2.7 35407060
 2.7 35407060
 2.7 35407060
 2.7 35407060
 2.7 35407060
 2.7 35407060
 2.7 35407060
 2.7 35407060
 2.7 35407060
 2.7 35407060
 2.7 35407060
 2.7 35407060
 2.7 35407060
 2.7 35407060
 2.7 35407060
 2.7 35407060
 2.7 35407060
 2.7 35407060
 2.7 35407060
 2.7 35407060
 2.7 35407060
 2.7 35407060
 2.7 35407060
 2.7 35407060
 2.7 35407060
 2.7 35407060
 2.7 35407060
 2.7 35407060
 2.7 35407060
 2.7 35407060
 2.7 35407060
 2.7 35407060
 2.7 35407060
 2.7 35407060
 2.7 35407060
 2.7 35407060
 2.7 35407060
 2.7 35407060
 2.7 35407060
 2.7 35407060
 2.7 35407060
 2.7 35407060
 2.7 35407060
 2.7 35407060
 2.7 35407060
 2.7 35407060
 2.7 35407060
 2.7 35407060
 2.7 35407060
 2.7 35407060
 2.7 35407060
 2.7 35407060
 2.7 35407060
 2.7 35407060
 2.7 35407060
 2.7 35407060
 2.7 35407060
 2.7 35407060
 2.7 35407060
 2.7 35407060
 2.7 35407060
 2.7 35407060
 2.7 35407060
 2.7 35407060
 2.7 35407060
 2.7 35407060
 2.7 35407060
 2.7 35407060
 2.7 35407060
 2.7 35407060
 2.7 35407060
 2.7 35407060
 2.7 35407060
 2.7 35407060
 2.7 35407060
 2.7 35407060
 2.7 35407060
 2.7 35407060
 2.7 35407060
 2.7 35407060
 2.7 35407060
 2.7 35407060
 2.7 35407060
 2.7 35407060
 2.7 35407060
 2.7 35407060
 2.7 35407060
 2.7 35407060
 2.7 35407060
 2.7 35407060
 2.7 35407060
 2.7 35407060
 2.7 35407060
 2.7 35407060
 2.7 35407060
 2.7 35407060
 2.7 35407060
 2.7 35407060
 2.7 35407060
 2.7 35407060
 2.7 35407060
 2.7 35407060
 2.7 35407060
 2.7 35407060
 2.7 35407060
 2.7 35407060
 2.7 35407060
 2.7 35407060
 2.7 35407060
 2.7 35407060
 2.7 35407060
 2.7 35407060
 2.7 35407060
 2.7 35407060
 2.7 35407060
 2.7 35407060
 2.7 35407060
 2.7 35407060
 2.7 35407060
 2.7 35407060
 2.7 35407060
 2.7 35407060
 2.7 35407060
 2.7 35407060
 2.7 35407060
 2.7 35407060
 2.7 35407060
 2.7 35407060
 2.7 35407060
 2.7 35407060
 2.7 35407060
 2.7 35407060
 2.7 35407060
 2.7 35407060
 2.7 35407060
 2.7 35407060
 2.7 35407060
 2.7 35407060
 2.7 35407060
 2.7 35407060
 2.7 35407060
 2.7 35407060
 2.7 35407060
 2.7 35407060
 2.7 35407060
 2.7 35407060
 2.7 35407060
 2.7 35407060
 2.7 35407060
 2.7 35407060
 2.7 35407060
 2.7 35407060
 2.7 35407060
 2.7 35407060
 2.7 35407060
 2.7 35407060
 2.7 35407060
 2.7 35407060
 2.7 35407060
 2.7 35407060
 2.7 35407060
 2.7 35407060
 2.7 35407060
 2.7 35407060
 2.7 35407060
 2.7 35407060
 2.7 35407060
 2.7 35407060
 2.7 35407060
 2.7 35407060
 2.7 35407060
 2.7 35407060
 2.7 35407060
 2.7 35407060
 2.7 35407060
 2.7 35407060
 2.7 35411728
 2.7 35411728
 2.7 35411728
 2.7 35411728
 2.7 35411728
 2.7 35411728
 2.7 35415680
 2.7 35416340
 2.7 35416340
 2.7 35418972
 2.7 35430824
 2.7 35442676
 2.7 35455848
 2.7 35470332
 2.7 35478236
 2.7 35478236
 2.7 35478236
 2.7 35483504
 2.7 35495356
 2.7 35507208
 2.7 35520376
 2.7 35533544
 2.7 35546716
 3.1 38251580
 3.9 40948544
 4.7 40948544
 3.2 36755544
 3.1 36755544
 3.0 36755544
 2.8 36755544
 3.2 36755544
 3.2 36755544
 3.2 36755544
 3.2 36755544
 3.2 36755544
 2.7 35407060
 2.7 35407060
 2.7 35407060
 2.7 35407060
 2.7 35407060
 2.7 35407060
 2.7 35407060
 2.7 35407060
 2.7 35407060
 2.7 35407060
 2.7 35407060
 2.7 35407060
 2.7 35407060
 2.7 35407060
 2.7 35407060
 2.7 35407060
 2.7 35407060
 2.7 35407060
 2.7 35407060
 2.7 35407060
 2.7 35407060
 2.7 35407060
 2.7 35407060
 2.7 35407060
 2.7 35407060
 2.7 35407060
 2.7 35407060
 2.7 35407060
 2.7 35407060
 2.7 35407060
 2.7 35407060
 2.7 35407060
 2.7 35407060
 2.7 35407060
 2.7 35407060
 2.7 35407060
 2.7 35407060
 2.7 35407060
 2.7 35407060
 2.7 35407060
 2.7 35407060
 2.7 35407060
 2.7 35407060
 2.7 35407060
 2.7 35407060
 2.7 35407060
 2.7 35407060
 2.7 35407060
 2.7 35407060
 2.7 35407060
 2.7 35407060
 2.7 35407060
 2.7 35407060
 2.7 35407060
 2.7 35407060
 2.7 35407060
 2.7 35407060
 2.7 35407060
 2.7 35407060
 2.7 35407060
 2.7 35407060
 2.7 35407060
 2.7 35407060
 2.7 35407060
 2.7 35407060
 2.7 35407060
 2.7 35407060
 2.7 35407060
 2.7 35407060
 2.7 35407060
 2.7 35407060
 2.7 35407060
 2.7 35407060
 2.7 35407060
 2.7 35407060
 2.7 35407060
 2.7 35407060
 2.7 35407060
 2.7 35407060
 2.7 35407060
 2.7 35407060
 2.7 35407060
 2.7 35407060
 2.7 35407060
 2.7 35407060
 2.7 35407060
 2.7 35407060
 2.7 35407060
 2.7 35407060
 2.7 35407060
 2.7 35407060
 2.7 35407060
 2.7 35407060
 2.7 35407060
 2.7 35407060
 2.7 35407060
 2.7 35407060
 2.7 35407060
 2.7 35407060
 2.7 35407060
 2.7 35407060
 2.7 35407060
 2.7 35407060
 2.7 35407060
 2.7 35407060
 2.7 35407060
 2.7 35407060
 2.7 35407060
 2.7 35407060
 2.7 35407060
 2.7 35407060
 2.7 35407060
 2.7 35407060
 2.7 35407060
 2.7 35407060
 2.7 35407060
 2.7 35407060
 2.7 35407060
 2.7 35407060
 2.7 35407060
 2.7 35407060
 2.7 35407060
 2.7 35407060
 2.7 35407060
 2.7 35407060
 2.7 35407060
 2.7 35407060
 2.7 35407060
 2.7 35407060
 2.7 35407060
 2.7 35407060
 2.7 35407060
 2.7 35407060
 2.7 35407060
 2.7 35407060
 2.7 35407060
 2.7 35407060
 2.7 35407060
 2.7 35407060
 2.7 35407060
 2.7 35407060
 2.7 35407060
 2.7 35407060
 2.7 35407060
 2.7 35407060
 2.7 35407060
 2.7 35407060
 2.7 35407060
 2.7 35407060
 2.7 35407060
 2.7 35407060
 2.7 35407060
 2.7 35407060
 2.7 35407060
 2.7 35407060
 2.7 35407060
 2.7 35407060
 2.7 35407060
 2.7 35407060
 2.7 35407060
 2.7 35407060
 2.7 35407060
 2.7 35407060
 2.7 35407060
 2.7 35407060
 2.7 35407060
 2.7 35407060
 2.7 35407060
 2.7 35407060
 2.7 35407060
 2.7 35407060
 2.7 35407060
 2.7 35407060
 2.7 35407060
 2.7 35407060
 2.7 35407060
 2.7 35407060
 2.7 35407060
 2.7 35407060
 2.7 35407060
 2.7 35407060
 2.7 35407060
 2.7 35407060
 2.7 35407060
 2.7 35407060
 2.7 35407060
 2.7 35407060
 2.7 35407060
 2.7 35407060
 2.7 35407060
 2.7 35407060
 2.7 35407060
 2.7 35407060
 2.7 35407060
 2.7 35407060
 2.7 35407060
 2.7 35407060
 2.7 35407060
 2.7 35407060
 2.7 35407060
 2.7 35407060
 2.7 35407060
 2.7 35407060
 2.7 35407060
 2.7 35407060
 2.7 35407060
 2.7 35407060
 2.7 35407060
 2.7 35407060
 2.7 35407060
 2.7 35407060
 2.7 35407060
 2.7 35407060
 2.7 35407060
 2.7 35407060
 2.7 35407060
 2.7 35407060
 2.7 35407060
 2.7 35407060
 2.7 35407060
 2.7 35407060
 2.7 35407060
 2.7 35407060
 2.7 35407060
 2.7 35407060
 2.7 35407060
 2.7 35407060
 2.7 35407060
 2.7 35407060
 2.7 35407060
 2.7 35407060
 2.7 35407060
 2.7 35407060
 2.7 35407060
 2.7 35407060
 2.7 35407060
 2.7 35407060
 2.7 35407060
 2.7 35407060
 2.7 35407060
 2.7 35407060
 2.7 35407060
 2.7 35407060
 2.7 35407060
 2.7 35407060
 2.7 35407060
 2.7 35407060
 2.7 35407060
 2.7 35407060
 2.7 35407060
 2.7 35407060
 2.7 35407060
 2.7 35407060
 2.7 35407060
 2.7 35407060
 2.7 35407060
 2.7 35407060
 2.7 35407060
 2.7 35407060
 2.7 35407060
 2.7 35407060
 2.7 35407060
 2.7 35407060
 2.7 35407060
 2.7 35407060
 2.7 35407060
 2.7 35407060
 2.7 35407060
 2.7 35407060
 2.7 35407060
 2.7 35407060
 2.7 35407060
 2.7 35407060
 2.7 35407060
 2.7 35407060
 2.7 35407060
 2.7 35407060
 2.7 35407060
 2.7 35407060
 2.7 35407060
 2.7 35407060
 2.7 35407060
 2.7 35407060
 2.7 35407060
 2.7 35407060
 2.7 35407060
 2.7 35407060
 2.7 35407060
 2.7 35407060
 2.7 35407060
 2.7 35407060
 2.7 35407060
 2.7 35407060
 2.7 35407060
 2.7 35407060
 2.7 35407060
 2.7 35407060
 2.7 35407060
 2.7 35407060
 2.7 35407060
 2.7 35407060
 2.7 35407060
 2.7 35407060
 2.7 35407060
 2.7 35407060
 2.7 35407060
 2.7 35407060
 2.7 35407060
 2.7 35407060
 2.7 35407060
 2.7 35407060
 2.7 35407060
 2.7 35407060
 2.7 35407060
 2.7 35407060
 2.7 35407060
 2.7 35407060
 2.7 35407060
 2.7 35407060
 2.7 35407060
 2.7 35407060
 2.7 35407060
 2.7 35407060
 2.7 35407060
 2.7 35407060
 2.7 35407060
 2.7 35407060
 2.7 35413644
 2.7 35424180
 2.7 35432080
 2.7 35432080
 2.7 35432080
 2.7 35432080
 2.7 35432080
 2.7 35432080
 2.7 35432080
 2.7 35439324
 2.7 35450520
 2.7 35463028
 2.7 35473564
 2.7 35484100
 2.7 35486736
 2.7 35486736
 2.7 35486736
 2.7 35486736
 2.7 35486736
 2.7 35486736
 2.7 35486736
 2.7 35486736
 2.7 35486736
 2.7 35486736
 2.7 35486736
 2.7 35486736
 2.7 35486736
 2.7 35490028
 2.7 35500564
 2.7 35513072
 2.7 35523608
 2.7 35534144
 2.7 35545340
 2.8 38252180
 3.5 38252180
 4.2 40949144
 2.9 36755544
 3.2 36755544
 3.2 36755544
 3.2 36755544
 3.2 36755544
 3.2 36755544
 3.2 36755544
 3.0 36755544
 2.8 36755544
 2.7 35407060
 2.7 35407060
 2.7 35407060
 2.7 35407060
 2.7 35407060
 2.7 35407060
 2.7 35407060
 2.7 35407060
 2.7 35407060
 2.7 35407060
 2.7 35407060
 2.7 35407060
 2.7 35407060
 2.7 35407060
 2.7 35407060
 2.7 35407060
 2.7 35407060
 2.7 35407060
 2.7 35407060
 2.7 35407060
 2.7 35407060
 2.7 35407060
 2.7 35407060
 2.7 35407060
 2.7 35407060
 2.7 35407060
 2.7 35407060
 2.7 35407060
 2.7 35407060
 2.7 35407060
 2.7 35407060
 2.7 35407060
 2.7 35407060
 2.7 35407060
 2.7 35407060
 2.7 35407060
 2.7 35407060
 2.7 35407060
 2.7 35407060
 2.7 35407060
 2.7 35407060
 2.7 35407060
 2.7 35407060
 2.7 35407060
 2.7 35407060
 2.7 35407060
 2.7 35407060
 2.7 35407060
 2.7 35407060
 2.7 35407060
 2.7 35407060
 2.7 35407060
 2.7 35407060
 2.7 35407060
 2.7 35407060
 2.7 35407060
 2.7 35407060
 2.7 35407060
 2.7 35407060
 2.7 35407060
 2.7 35407060
 2.7 35407060
 2.7 35407060
 2.7 35407060
 2.7 35407060
 2.7 35407060
 2.7 35407060
 2.7 35407060
 2.7 35407060
 2.7 35407060
 2.7 35407060
 2.7 35407060
 2.7 35407060
 2.7 35407060
 2.7 35407060
 2.7 35407060
 2.7 35407060
 2.7 35407060
 2.7 35407060
 2.7 35407060
 2.7 35407060
 2.7 35407060
 2.7 35407060
 2.7 35407060
 2.7 35407060
 2.7 35407060
 2.7 35407060
 2.7 35407060
 2.7 35407060
 2.7 35407060
 2.7 35407060
 2.7 35407060
 2.7 35407060
 2.7 35407060
 2.7 35407060
 2.7 35407060
 2.7 35407060
 2.7 35407060
 2.7 35407060
 2.7 35407060
 2.7 35407060
 2.7 35407060
 2.7 35407060
 2.7 35407060
 2.7 35407060
 2.7 35407060
 2.7 35407060
 2.7 35407060
 2.7 35407060
 2.7 35407060
 2.7 35407060
 2.7 35407060
 2.7 35407060
 2.7 35407060
 2.7 35407060
 2.7 35407060
 2.7 35407060
 2.7 35407060
 2.7 35407060
 2.7 35407060
 2.7 35407060
 2.7 35407060
 2.7 35407060
 2.7 35407060
 2.7 35407060
 2.7 35407060
 2.7 35407060
 2.7 35407060
 2.7 35407060
 2.7 35407060
 2.7 35407060
 2.7 35407060
 2.7 35407060
 2.7 35407060
 2.7 35407060
 2.7 35407060
 2.7 35407060
 2.7 35407060
 2.7 35407060
 2.7 35407060
 2.7 35407060
 2.7 35407060
 2.7 35407060
 2.7 35407060
 2.7 35407060
 2.7 35407060
 2.7 35407060
 2.7 35407060
 2.7 35407060
 2.7 35407060
 2.7 35407060
 2.7 35407060
 2.7 35407060
 2.7 35407060
 2.7 35407060
 2.7 35407060
 2.7 35407060
 2.7 35407060
 2.7 35407060
 2.7 35407060
 2.7 35407060
 2.7 35407060
 2.7 35407060
 2.7 35407060
 2.7 35407060
 2.7 35407060
 2.7 35407060
 2.7 35407060
 2.7 35407060
 2.7 35407060
 2.7 35407060
 2.7 35407060
 2.7 35407060
 2.7 35407060
 2.7 35407060
 2.7 35407060
 2.7 35407060
 2.7 35407060
 2.7 35407060
 2.7 35407060
 2.7 35407060
 2.7 35407060
 2.7 35407060
 2.7 35407060
 2.7 35407060
 2.7 35407060
 2.7 35407060
 2.7 35407060
 2.7 35407060
 2.7 35407060
 2.7 35407060
 2.7 35407060
 2.7 35407060
 2.7 35407060
 2.7 35407060
 2.7 35407060
 2.7 35407060
 2.7 35407060
 2.7 35407060
 2.7 35407060
 2.7 35407060
 2.7 35407060
 2.7 35407060
 2.7 35407060
 2.7 35407060
 2.7 35407060
 2.7 35407060
 2.7 35407060
 2.7 35407060
 2.7 35407060
 2.7 35407060
 2.7 35407060
 2.7 35407060
 2.7 35407060
 2.7 35407060
 2.7 35407060
 2.7 35407060
 2.7 35407060
 2.7 35407060
 2.7 35407060
 2.7 35407060
 2.7 35407060
 2.7 35407060
 2.7 35407060
 2.7 35407060
 2.7 35407060
 2.7 35407060
 2.7 35407060
 2.7 35407060
 2.7 35407060
 2.7 35407060
 2.7 35407060
 2.7 35407060
 2.7 35407060
 2.7 35407060
 2.7 35407060
 2.7 35407060
 2.7 35407060
 2.7 35407060
 2.7 35407060
 2.7 35407060
 2.7 35407060
 2.7 35407060
 2.7 35407060
 2.7 35407060
 2.7 35407060
 2.7 35407060
 2.7 35407060
 2.7 35407060
 2.7 35407060
 2.7 35407060
 2.7 35407060
 2.7 35407060
 2.7 35407060
 2.7 35407060
 2.7 35407060
 2.7 35407060
 2.7 35407060
 2.7 35407060
 2.7 35407060
 2.7 35407060
 2.7 35407060
 2.7 35407060
 2.7 35407060
 2.7 35407060
 2.7 35407060
 2.7 35407060
 2.7 35407060
 2.7 35407060
 2.7 35407060
 2.7 35407060
 2.7 35407060
 2.7 35407060
 2.7 35407060
 2.7 35407060
 2.7 35407060
 2.7 35407060
 2.7 35407060
 2.7 35407060
 2.7 35407060
 2.7 35407060
 2.7 35407060
 2.7 35407060
 2.7 35407060
 2.7 35407060
 2.7 35407060
 2.7 35407060
 2.7 35407060
 2.7 35407060
 2.7 35407060
 2.7 35407060
 2.7 35407060
 2.7 35407060
 2.7 35407060
 2.7 35407060
 2.7 35407060
 2.7 35407060
 2.7 35407060
 2.7 35407060
 2.7 35407060
 2.7 35407060
 2.7 35407060
 2.7 35407060
 2.7 35407060
 2.7 35407060
 2.7 35407060
 2.7 35407060
 2.7 35407060
 2.7 35407060
 2.7 35407060
 2.7 35407060
 2.7 35407060
 2.7 35407060
 2.7 35407060
 2.7 35407060
 2.7 35407060
 2.7 35407060
 2.7 35407060
 2.7 35407060
 2.7 35407060
 2.7 35407060
 2.7 35407060
 2.7 35407060
 2.7 35407060
 2.7 35407060
 2.7 35407060
 2.7 35407060
 2.7 35408376
 2.7 35421608
 2.7 35433460
 2.7 35445312
 2.7 35458480
 2.7 35461116
 2.7 35461116
 2.7 35465724
 2.7 35475600
 2.7 35489428
 2.7 35503256
 2.7 35509840
 2.7 35509840
 2.7 35509840
 2.7 35511816
 2.7 35525644
 2.7 35537288
 2.7 35541240
 2.7 35541240
 2.7 35541240
 2.7 35541240
 2.7 35546508
 3.0 38252692
 3.7 38252692
 4.4 40949656
 3.0 36755544
 2.9 36755544
 2.7 36755544
 3.2 36755544
 3.2 36755544
 3.2 36755544
 3.2 36755544
 3.1 36755544
 2.9 36755544
 2.7 35407060
 2.7 35407060
 2.7 35407060
 2.7 35407060
 2.7 35407060
 2.7 35407060
 2.7 35407060
 2.7 35407060
 2.7 35407060
 2.7 35407060
 2.7 35407060
 2.7 35407060
 2.7 35407060
 2.7 35407060
 2.7 35407060
 2.7 35407060
 2.7 35407060
 2.7 35407060
 2.7 35407060
 2.7 35407060
 2.7 35407060
 2.7 35407060
 2.7 35407060
 2.7 35407060
 2.7 35407060
 2.7 35407060
 2.7 35407060
 2.7 35407060
 2.7 35407060
 2.7 35407060
 2.7 35407060
 2.7 35407060
 2.7 35407060
 2.7 35407060
 2.7 35407060
 2.7 35407060
 2.7 35407060
 2.7 35407060
 2.7 35407060
 2.7 35407060
 2.7 35407060
 2.7 35407060
 2.7 35407060
 2.7 35407060
 2.7 35407060
 2.7 35407060
 2.7 35407060
 2.7 35407060
 2.7 35407060
 2.7 35407060
 2.7 35407060
 2.7 35407060
 2.7 35407060
 2.7 35407060
 2.7 35407060
 2.7 35407060
 2.7 35407060
 2.7 35407060
 2.7 35407060
 2.7 35407060
 2.7 35407060
 2.7 35407060
 2.7 35407060
 2.7 35407060
 2.7 35407060
 2.7 35407060
 2.7 35407060
 2.7 35407060
 2.7 35407060
 2.7 35407060
 2.7 35407060
 2.7 35407060
 2.7 35407060
 2.7 35407060
 2.7 35407060
 2.7 35407060
 2.7 35407060
 2.7 35407060
 2.7 35407060
 2.7 35407060
 2.7 35407060
 2.7 35407060
 2.7 35407060
 2.7 35407060
 2.7 35407060
 2.7 35407060
 2.7 35407060
 2.7 35407060
 2.7 35407060
 2.7 35407060
 2.7 35407060
 2.7 35407060
 2.7 35407060
 2.7 35407060
 2.7 35407060
 2.7 35407060
 2.7 35407060
 2.7 35407060
 2.7 35407060
 2.7 35407060
 2.7 35407060
 2.7 35407060
 2.7 35407060
 2.7 35407060
 2.7 35407060
 2.7 35407060
 2.7 35407060
 2.7 35407060
 2.7 35407060
 2.7 35407060
 2.7 35407060
 2.7 35407060
 2.7 35407060
 2.7 35407060
 2.7 35407060
 2.7 35407060
 2.7 35407060
 2.7 35407060
 2.7 35407060
 2.7 35407060
 2.7 35407060
 2.7 35407060
 2.7 35407060
 2.7 35407060
 2.7 35407060
 2.7 35407060
 2.7 35407060
 2.7 35407060
 2.7 35407060
 2.7 35407060
